<?xml version="1.0" encoding="UTF-8"?>
<testsuite name="tron.tronscan.tronscanUI.SendTrc20" tests="1" skipped="0" failures="1" errors="0" timestamp="2020-03-20T04:54:44" hostname="zhukaideiMac.local" time="13.915">
  <properties/>
  <testcase name="testTrc20" classname="tron.tronscan.tronscanUI.SendTrc20" time="13.915">
    <failure message="org.openqa.selenium.NoSuchElementException: no such element: Unable to locate element: {&quot;method&quot;:&quot;css selector&quot;,&quot;selector&quot;:&quot;.ant-select-open svg&quot;}&#10;  (Session info: chrome=80.0.3987.149)&#10;For documentation on this error, please visit: http://seleniumhq.org/exceptions/no_such_element.html&#10;Build info: version: '3.6.0', revision: '6fbf3ec767', time: '2017-09-27T15:28:36.4Z'&#10;System info: host: 'zhukaideiMac.local', ip: '127.0.0.1', os.name: 'Mac OS X', os.arch: 'x86_64', os.version: '10.15.3', java.version: '1.8.0_211'&#10;Driver info: org.openqa.selenium.chrome.ChromeDriver&#10;Capabilities [{networkConnectionEnabled=false, chrome={chromedriverVersion=80.0.3987.106 (f68069574609230cf9b635cd784cfb1bf81bb53a-refs/branch-heads/3987@{#882}), userDataDir=/var/folders/fs/0qxrqb5x7zg5dtqrhc9t0clm0000gn/T/.com.google.Chrome.XaRCAZ}, timeouts={implicit=0, pageLoad=300000, script=30000}, pageLoadStrategy=normal, unhandledPromptBehavior=dismiss and notify, strictFileInteractability=false, platform=MAC, proxy=Proxy(), goog:chromeOptions={debuggerAddress=localhost:61920}, acceptInsecureCerts=false, browserVersion=80.0.3987.149, browserName=chrome, javascriptEnabled=true, platformName=MAC, setWindowRect=true}]&#10;Session ID: 7713c0bba11b6ffcf61452f47f2c8db2&#10;*** Element info: {Using=css selector, value=.ant-select-open svg}" type="org.openqa.selenium.NoSuchElementException">org.openqa.selenium.NoSuchElementException: no such element: Unable to locate element: {&quot;method&quot;:&quot;css selector&quot;,&quot;selector&quot;:&quot;.ant-select-open svg&quot;}
  (Session info: chrome=80.0.3987.149)
For documentation on this error, please visit: http://seleniumhq.org/exceptions/no_such_element.html
Build info: version: '3.6.0', revision: '6fbf3ec767', time: '2017-09-27T15:28:36.4Z'
System info: host: 'zhukaideiMac.local', ip: '127.0.0.1', os.name: 'Mac OS X', os.arch: 'x86_64', os.version: '10.15.3', java.version: '1.8.0_211'
Driver info: org.openqa.selenium.chrome.ChromeDriver
Capabilities [{networkConnectionEnabled=false, chrome={chromedriverVersion=80.0.3987.106 (f68069574609230cf9b635cd784cfb1bf81bb53a-refs/branch-heads/3987@{#882}), userDataDir=/var/folders/fs/0qxrqb5x7zg5dtqrhc9t0clm0000gn/T/.com.google.Chrome.XaRCAZ}, timeouts={implicit=0, pageLoad=300000, script=30000}, pageLoadStrategy=normal, unhandledPromptBehavior=dismiss and notify, strictFileInteractability=false, platform=MAC, proxy=Proxy(), goog:chromeOptions={debuggerAddress=localhost:61920}, acceptInsecureCerts=false, browserVersion=80.0.3987.149, browserName=chrome, javascriptEnabled=true, platformName=MAC, setWindowRect=true}]
Session ID: 7713c0bba11b6ffcf61452f47f2c8db2
*** Element info: {Using=css selector, value=.ant-select-open svg}
	at sun.reflect.NativeConstructorAccessorImpl.newInstance0(Native Method)
	at sun.reflect.NativeConstructorAccessorImpl.newInstance(NativeConstructorAccessorImpl.java:62)
	at sun.reflect.DelegatingConstructorAccessorImpl.newInstance(DelegatingConstructorAccessorImpl.java:45)
	at java.lang.reflect.Constructor.newInstance(Constructor.java:423)
	at org.openqa.selenium.remote.http.W3CHttpResponseCodec.createException(W3CHttpResponseCodec.java:185)
	at org.openqa.selenium.remote.http.W3CHttpResponseCodec.decode(W3CHttpResponseCodec.java:120)
	at org.openqa.selenium.remote.http.W3CHttpResponseCodec.decode(W3CHttpResponseCodec.java:49)
	at org.openqa.selenium.remote.HttpCommandExecutor.execute(HttpCommandExecutor.java:164)
	at org.openqa.selenium.remote.service.DriverCommandExecutor.execute(DriverCommandExecutor.java:83)
	at org.openqa.selenium.remote.RemoteWebDriver.execute(RemoteWebDriver.java:586)
	at org.openqa.selenium.remote.RemoteWebDriver.findElement(RemoteWebDriver.java:356)
	at org.openqa.selenium.remote.RemoteWebDriver.findElementByCssSelector(RemoteWebDriver.java:450)
	at org.openqa.selenium.By$ByCssSelector.findElement(By.java:430)
	at org.openqa.selenium.remote.RemoteWebDriver.findElement(RemoteWebDriver.java:348)
	at tron.tronscan.tronscanUI.SendTrc20.testTrc20(SendTrc20.java:42)
	at sun.reflect.NativeMethodAccessorImpl.invoke0(Native Method)
	at sun.reflect.NativeMethodAccessorImpl.invoke(NativeMethodAccessorImpl.java:62)
	at sun.reflect.DelegatingMethodAccessorImpl.invoke(DelegatingMethodAccessorImpl.java:43)
	at java.lang.reflect.Method.invoke(Method.java:498)
	at org.testng.internal.MethodInvocationHelper.invokeMethod(MethodInvocationHelper.java:124)
	at org.testng.internal.Invoker.invokeMethod(Invoker.java:583)
	at org.testng.internal.Invoker.invokeTestMethod(Invoker.java:719)
	at org.testng.internal.Invoker.invokeTestMethods(Invoker.java:989)
	at org.testng.internal.TestMethodWorker.invokeTestMethods(TestMethodWorker.java:125)
	at org.testng.internal.TestMethodWorker.run(TestMethodWorker.java:109)
	at org.testng.TestRunner.privateRun(TestRunner.java:648)
	at org.testng.TestRunner.run(TestRunner.java:505)
	at org.testng.SuiteRunner.runTest(SuiteRunner.java:455)
	at org.testng.SuiteRunner.runSequentially(SuiteRunner.java:450)
	at org.testng.SuiteRunner.privateRun(SuiteRunner.java:415)
	at org.testng.SuiteRunner.run(SuiteRunner.java:364)
	at org.testng.SuiteRunnerWorker.runSuite(SuiteRunnerWorker.java:52)
	at org.testng.SuiteRunnerWorker.run(SuiteRunnerWorker.java:84)
	at org.testng.TestNG.runSuitesSequentially(TestNG.java:1208)
	at org.testng.TestNG.runSuitesLocally(TestNG.java:1137)
	at org.testng.TestNG.runSuites(TestNG.java:1049)
	at org.testng.TestNG.run(TestNG.java:1017)
	at org.gradle.api.internal.tasks.testing.testng.TestNGTestClassProcessor.runTests(TestNGTestClassProcessor.java:139)
	at org.gradle.api.internal.tasks.testing.testng.TestNGTestClassProcessor.stop(TestNGTestClassProcessor.java:89)
	at org.gradle.api.internal.tasks.testing.SuiteTestClassProcessor.stop(SuiteTestClassProcessor.java:61)
	at sun.reflect.NativeMethodAccessorImpl.invoke0(Native Method)
	at sun.reflect.NativeMethodAccessorImpl.invoke(NativeMethodAccessorImpl.java:62)
	at sun.reflect.DelegatingMethodAccessorImpl.invoke(DelegatingMethodAccessorImpl.java:43)
	at java.lang.reflect.Method.invoke(Method.java:498)
	at org.gradle.internal.dispatch.ReflectionDispatch.dispatch(ReflectionDispatch.java:35)
	at org.gradle.internal.dispatch.ReflectionDispatch.dispatch(ReflectionDispatch.java:24)
	at org.gradle.internal.dispatch.ContextClassLoaderDispatch.dispatch(ContextClassLoaderDispatch.java:32)
	at org.gradle.internal.dispatch.ProxyDispatchAdapter$DispatchingInvocationHandler.invoke(ProxyDispatchAdapter.java:93)
	at com.sun.proxy.$Proxy2.stop(Unknown Source)
	at org.gradle.api.internal.tasks.testing.worker.TestWorker.stop(TestWorker.java:131)
	at sun.reflect.NativeMethodAccessorImpl.invoke0(Native Method)
	at sun.reflect.NativeMethodAccessorImpl.invoke(NativeMethodAccessorImpl.java:62)
	at sun.reflect.DelegatingMethodAccessorImpl.invoke(DelegatingMethodAccessorImpl.java:43)
	at java.lang.reflect.Method.invoke(Method.java:498)
	at org.gradle.internal.dispatch.ReflectionDispatch.dispatch(ReflectionDispatch.java:35)
	at org.gradle.internal.dispatch.ReflectionDispatch.dispatch(ReflectionDispatch.java:24)
	at org.gradle.internal.remote.internal.hub.MessageHubBackedObjectConnection$DispatchWrapper.dispatch(MessageHubBackedObjectConnection.java:155)
	at org.gradle.internal.remote.internal.hub.MessageHubBackedObjectConnection$DispatchWrapper.dispatch(MessageHubBackedObjectConnection.java:137)
	at org.gradle.internal.remote.internal.hub.MessageHub$Handler.run(MessageHub.java:404)
	at org.gradle.internal.concurrent.ExecutorPolicy$CatchAndRecordFailures.onExecute(ExecutorPolicy.java:63)
	at org.gradle.internal.concurrent.ManagedExecutorImpl$1.run(ManagedExecutorImpl.java:46)
	at java.util.concurrent.ThreadPoolExecutor.runWorker(ThreadPoolExecutor.java:1149)
	at java.util.concurrent.ThreadPoolExecutor$Worker.run(ThreadPoolExecutor.java:624)
	at org.gradle.internal.concurrent.ThreadFactoryImpl$ManagedThreadRunnable.run(ThreadFactoryImpl.java:55)
	at java.lang.Thread.run(Thread.java:748)
</failure>
  </testcase>
  <system-out><![CDATA[12:54:41.270 [Forwarding newSession on session null to remote] DEBUG org.apache.http.client.protocol.RequestAddCookies - CookieSpec selected: default
12:54:41.270 [Forwarding newSession on session null to remote] DEBUG org.apache.http.client.protocol.RequestAuthCache - Auth cache not set in the context
12:54:41.270 [Forwarding newSession on session null to remote] DEBUG org.apache.http.impl.conn.PoolingHttpClientConnectionManager - Connection request: [route: {}->http://localhost:22258][total kept alive: 11; route allocated: 0 of 2000; total allocated: 11 of 2000]
12:54:41.270 [Forwarding newSession on session null to remote] DEBUG org.apache.http.impl.conn.PoolingHttpClientConnectionManager - Connection leased: [id: 29][route: {}->http://localhost:22258][total kept alive: 11; route allocated: 1 of 2000; total allocated: 12 of 2000]
12:54:41.270 [Forwarding newSession on session null to remote] DEBUG org.apache.http.impl.execchain.MainClientExec - Opening connection {}->http://localhost:22258
12:54:41.270 [Forwarding newSession on session null to remote] DEBUG org.apache.http.impl.conn.DefaultHttpClientConnectionOperator - Connecting to localhost/127.0.0.1:22258
12:54:41.270 [Forwarding newSession on session null to remote] DEBUG org.apache.http.impl.conn.DefaultHttpClientConnectionOperator - Connection established 127.0.0.1:61919<->127.0.0.1:22258
12:54:41.270 [Forwarding newSession on session null to remote] DEBUG org.apache.http.impl.conn.DefaultManagedHttpClientConnection - http-outgoing-29: set socket timeout to 10800000
12:54:41.270 [Forwarding newSession on session null to remote] DEBUG org.apache.http.impl.execchain.MainClientExec - Executing request POST /session HTTP/1.1
12:54:41.270 [Forwarding newSession on session null to remote] DEBUG org.apache.http.impl.execchain.MainClientExec - Target auth state: UNCHALLENGED
12:54:41.270 [Forwarding newSession on session null to remote] DEBUG org.apache.http.impl.execchain.MainClientExec - Proxy auth state: UNCHALLENGED
12:54:41.270 [Forwarding newSession on session null to remote] DEBUG org.apache.http.headers - http-outgoing-29 >> POST /session HTTP/1.1
12:54:41.270 [Forwarding newSession on session null to remote] DEBUG org.apache.http.headers - http-outgoing-29 >> Content-Type: application/json; charset=utf-8
12:54:41.270 [Forwarding newSession on session null to remote] DEBUG org.apache.http.headers - http-outgoing-29 >> Content-Length: 560
12:54:41.270 [Forwarding newSession on session null to remote] DEBUG org.apache.http.headers - http-outgoing-29 >> Host: localhost:22258
12:54:41.270 [Forwarding newSession on session null to remote] DEBUG org.apache.http.headers - http-outgoing-29 >> Connection: Keep-Alive
12:54:41.270 [Forwarding newSession on session null to remote] DEBUG org.apache.http.headers - http-outgoing-29 >> User-Agent: Apache-HttpClient/4.5.3 (Java/1.8.0_211)
12:54:41.270 [Forwarding newSession on session null to remote] DEBUG org.apache.http.headers - http-outgoing-29 >> Accept-Encoding: gzip,deflate
12:54:41.270 [Forwarding newSession on session null to remote] DEBUG org.apache.http.wire - http-outgoing-29 >> "POST /session HTTP/1.1[\r][\n]"
12:54:41.270 [Forwarding newSession on session null to remote] DEBUG org.apache.http.wire - http-outgoing-29 >> "Content-Type: application/json; charset=utf-8[\r][\n]"
12:54:41.270 [Forwarding newSession on session null to remote] DEBUG org.apache.http.wire - http-outgoing-29 >> "Content-Length: 560[\r][\n]"
12:54:41.270 [Forwarding newSession on session null to remote] DEBUG org.apache.http.wire - http-outgoing-29 >> "Host: localhost:22258[\r][\n]"
12:54:41.270 [Forwarding newSession on session null to remote] DEBUG org.apache.http.wire - http-outgoing-29 >> "Connection: Keep-Alive[\r][\n]"
12:54:41.270 [Forwarding newSession on session null to remote] DEBUG org.apache.http.wire - http-outgoing-29 >> "User-Agent: Apache-HttpClient/4.5.3 (Java/1.8.0_211)[\r][\n]"
12:54:41.270 [Forwarding newSession on session null to remote] DEBUG org.apache.http.wire - http-outgoing-29 >> "Accept-Encoding: gzip,deflate[\r][\n]"
12:54:41.270 [Forwarding newSession on session null to remote] DEBUG org.apache.http.wire - http-outgoing-29 >> "[\r][\n]"
12:54:41.270 [Forwarding newSession on session null to remote] DEBUG org.apache.http.wire - http-outgoing-29 >> "{[\n]"
12:54:41.270 [Forwarding newSession on session null to remote] DEBUG org.apache.http.wire - http-outgoing-29 >> "  "desiredCapabilities": {[\n]"
12:54:41.270 [Forwarding newSession on session null to remote] DEBUG org.apache.http.wire - http-outgoing-29 >> "    "browserName": "chrome",[\n]"
12:54:41.270 [Forwarding newSession on session null to remote] DEBUG org.apache.http.wire - http-outgoing-29 >> "    "goog:chromeOptions": {[\n]"
12:54:41.270 [Forwarding newSession on session null to remote] DEBUG org.apache.http.wire - http-outgoing-29 >> "      "args": [],[\n]"
12:54:41.270 [Forwarding newSession on session null to remote] DEBUG org.apache.http.wire - http-outgoing-29 >> "      "extensions": [][\n]"
12:54:41.270 [Forwarding newSession on session null to remote] DEBUG org.apache.http.wire - http-outgoing-29 >> "    }[\n]"
12:54:41.270 [Forwarding newSession on session null to remote] DEBUG org.apache.http.wire - http-outgoing-29 >> "  },[\n]"
12:54:41.270 [Forwarding newSession on session null to remote] DEBUG org.apache.http.wire - http-outgoing-29 >> "  "requiredCapabilities": {},[\n]"
12:54:41.270 [Forwarding newSession on session null to remote] DEBUG org.apache.http.wire - http-outgoing-29 >> "  "capabilities": {[\n]"
12:54:41.270 [Forwarding newSession on session null to remote] DEBUG org.apache.http.wire - http-outgoing-29 >> "    "desiredCapabilities": {[\n]"
12:54:41.270 [Forwarding newSession on session null to remote] DEBUG org.apache.http.wire - http-outgoing-29 >> "      "browserName": "chrome",[\n]"
12:54:41.270 [Forwarding newSession on session null to remote] DEBUG org.apache.http.wire - http-outgoing-29 >> "      "goog:chromeOptions": {[\n]"
12:54:41.270 [Forwarding newSession on session null to remote] DEBUG org.apache.http.wire - http-outgoing-29 >> "        "args": [],[\n]"
12:54:41.270 [Forwarding newSession on session null to remote] DEBUG org.apache.http.wire - http-outgoing-29 >> "        "extensions": [][\n]"
12:54:41.270 [Forwarding newSession on session null to remote] DEBUG org.apache.http.wire - http-outgoing-29 >> "      }[\n]"
12:54:41.270 [Forwarding newSession on session null to remote] DEBUG org.apache.http.wire - http-outgoing-29 >> "    },[\n]"
12:54:41.270 [Forwarding newSession on session null to remote] DEBUG org.apache.http.wire - http-outgoing-29 >> "    "requiredCapabilities": {},[\n]"
12:54:41.270 [Forwarding newSession on session null to remote] DEBUG org.apache.http.wire - http-outgoing-29 >> "    "alwaysMatch": {[\n]"
12:54:41.270 [Forwarding newSession on session null to remote] DEBUG org.apache.http.wire - http-outgoing-29 >> "      "goog:chromeOptions": {[\n]"
12:54:41.270 [Forwarding newSession on session null to remote] DEBUG org.apache.http.wire - http-outgoing-29 >> "        "args": [],[\n]"
12:54:41.270 [Forwarding newSession on session null to remote] DEBUG org.apache.http.wire - http-outgoing-29 >> "        "extensions": [][\n]"
12:54:41.270 [Forwarding newSession on session null to remote] DEBUG org.apache.http.wire - http-outgoing-29 >> "      }[\n]"
12:54:41.270 [Forwarding newSession on session null to remote] DEBUG org.apache.http.wire - http-outgoing-29 >> "    },[\n]"
12:54:41.270 [Forwarding newSession on session null to remote] DEBUG org.apache.http.wire - http-outgoing-29 >> "    "firstMatch": [[\n]"
12:54:41.270 [Forwarding newSession on session null to remote] DEBUG org.apache.http.wire - http-outgoing-29 >> "      {[\n]"
12:54:41.270 [Forwarding newSession on session null to remote] DEBUG org.apache.http.wire - http-outgoing-29 >> "        "browserName": "chrome"[\n]"
12:54:41.270 [Forwarding newSession on session null to remote] DEBUG org.apache.http.wire - http-outgoing-29 >> "      }[\n]"
12:54:41.270 [Forwarding newSession on session null to remote] DEBUG org.apache.http.wire - http-outgoing-29 >> "    ][\n]"
12:54:41.270 [Forwarding newSession on session null to remote] DEBUG org.apache.http.wire - http-outgoing-29 >> "  }[\n]"
12:54:41.270 [Forwarding newSession on session null to remote] DEBUG org.apache.http.wire - http-outgoing-29 >> "}"
12:54:41.846 [Forwarding newSession on session null to remote] DEBUG org.apache.http.wire - http-outgoing-29 << "HTTP/1.1 200 OK[\r][\n]"
12:54:41.846 [Forwarding newSession on session null to remote] DEBUG org.apache.http.wire - http-outgoing-29 << "Content-Length:690[\r][\n]"
12:54:41.846 [Forwarding newSession on session null to remote] DEBUG org.apache.http.wire - http-outgoing-29 << "Content-Type:application/json; charset=utf-8[\r][\n]"
12:54:41.846 [Forwarding newSession on session null to remote] DEBUG org.apache.http.wire - http-outgoing-29 << "cache-control:no-cache[\r][\n]"
12:54:41.846 [Forwarding newSession on session null to remote] DEBUG org.apache.http.wire - http-outgoing-29 << "[\r][\n]"
12:54:41.846 [Forwarding newSession on session null to remote] DEBUG org.apache.http.wire - http-outgoing-29 << "{"value":{"capabilities":{"acceptInsecureCerts":false,"browserName":"chrome","browserVersion":"80.0.3987.149","chrome":{"chromedriverVersion":"80.0.3987.106 (f68069574609230cf9b635cd784cfb1bf81bb53a-refs/branch-heads/3987@{#882})","userDataDir":"/var/folders/fs/0qxrqb5x7zg5dtqrhc9t0clm0000gn/T/.com.google.Chrome.XaRCAZ"},"goog:chromeOptions":{"debuggerAddress":"localhost:61920"},"networkConnectionEnabled":false,"pageLoadStrategy":"normal","platformName":"mac os x","proxy":{},"setWindowRect":true,"strictFileInteractability":false,"timeouts":{"implicit":0,"pageLoad":300000,"script":30000},"unhandledPromptBehavior":"dismiss and notify"},"sessionId":"7713c0bba11b6ffcf61452f47f2c8db2"}}"
12:54:41.846 [Forwarding newSession on session null to remote] DEBUG org.apache.http.headers - http-outgoing-29 << HTTP/1.1 200 OK
12:54:41.846 [Forwarding newSession on session null to remote] DEBUG org.apache.http.headers - http-outgoing-29 << Content-Length:690
12:54:41.846 [Forwarding newSession on session null to remote] DEBUG org.apache.http.headers - http-outgoing-29 << Content-Type:application/json; charset=utf-8
12:54:41.846 [Forwarding newSession on session null to remote] DEBUG org.apache.http.headers - http-outgoing-29 << cache-control:no-cache
12:54:41.846 [Forwarding newSession on session null to remote] DEBUG org.apache.http.impl.execchain.MainClientExec - Connection can be kept alive indefinitely
12:54:41.846 [Forwarding newSession on session null to remote] DEBUG org.apache.http.impl.conn.PoolingHttpClientConnectionManager - Connection [id: 29][route: {}->http://localhost:22258] can be kept alive indefinitely
12:54:41.846 [Forwarding newSession on session null to remote] DEBUG org.apache.http.impl.conn.PoolingHttpClientConnectionManager - Connection released: [id: 29][route: {}->http://localhost:22258][total kept alive: 12; route allocated: 1 of 2000; total allocated: 12 of 2000]
12:54:41.848 [Forwarding get on session 7713c0bba11b6ffcf61452f47f2c8db2 to remote] DEBUG org.apache.http.client.protocol.RequestAddCookies - CookieSpec selected: default
12:54:41.848 [Forwarding get on session 7713c0bba11b6ffcf61452f47f2c8db2 to remote] DEBUG org.apache.http.client.protocol.RequestAuthCache - Auth cache not set in the context
12:54:41.848 [Forwarding get on session 7713c0bba11b6ffcf61452f47f2c8db2 to remote] DEBUG org.apache.http.impl.conn.PoolingHttpClientConnectionManager - Connection request: [route: {}->http://localhost:22258][total kept alive: 12; route allocated: 1 of 2000; total allocated: 12 of 2000]
12:54:41.848 [Forwarding get on session 7713c0bba11b6ffcf61452f47f2c8db2 to remote] DEBUG org.apache.http.impl.conn.PoolingHttpClientConnectionManager - Connection leased: [id: 29][route: {}->http://localhost:22258][total kept alive: 11; route allocated: 1 of 2000; total allocated: 12 of 2000]
12:54:41.848 [Forwarding get on session 7713c0bba11b6ffcf61452f47f2c8db2 to remote] DEBUG org.apache.http.impl.execchain.MainClientExec - Stale connection check
12:54:41.850 [Forwarding get on session 7713c0bba11b6ffcf61452f47f2c8db2 to remote] DEBUG org.apache.http.wire - http-outgoing-29 << "[read] I/O error: Read timed out"
12:54:41.850 [Forwarding get on session 7713c0bba11b6ffcf61452f47f2c8db2 to remote] DEBUG org.apache.http.impl.conn.DefaultManagedHttpClientConnection - http-outgoing-29: set socket timeout to 10800000
12:54:41.850 [Forwarding get on session 7713c0bba11b6ffcf61452f47f2c8db2 to remote] DEBUG org.apache.http.impl.execchain.MainClientExec - Executing request POST /session/7713c0bba11b6ffcf61452f47f2c8db2/url HTTP/1.1
12:54:41.850 [Forwarding get on session 7713c0bba11b6ffcf61452f47f2c8db2 to remote] DEBUG org.apache.http.impl.execchain.MainClientExec - Target auth state: UNCHALLENGED
12:54:41.850 [Forwarding get on session 7713c0bba11b6ffcf61452f47f2c8db2 to remote] DEBUG org.apache.http.impl.execchain.MainClientExec - Proxy auth state: UNCHALLENGED
12:54:41.850 [Forwarding get on session 7713c0bba11b6ffcf61452f47f2c8db2 to remote] DEBUG org.apache.http.headers - http-outgoing-29 >> POST /session/7713c0bba11b6ffcf61452f47f2c8db2/url HTTP/1.1
12:54:41.850 [Forwarding get on session 7713c0bba11b6ffcf61452f47f2c8db2 to remote] DEBUG org.apache.http.headers - http-outgoing-29 >> Content-Type: application/json; charset=utf-8
12:54:41.850 [Forwarding get on session 7713c0bba11b6ffcf61452f47f2c8db2 to remote] DEBUG org.apache.http.headers - http-outgoing-29 >> Content-Length: 33
12:54:41.850 [Forwarding get on session 7713c0bba11b6ffcf61452f47f2c8db2 to remote] DEBUG org.apache.http.headers - http-outgoing-29 >> Host: localhost:22258
12:54:41.850 [Forwarding get on session 7713c0bba11b6ffcf61452f47f2c8db2 to remote] DEBUG org.apache.http.headers - http-outgoing-29 >> Connection: Keep-Alive
12:54:41.850 [Forwarding get on session 7713c0bba11b6ffcf61452f47f2c8db2 to remote] DEBUG org.apache.http.headers - http-outgoing-29 >> User-Agent: Apache-HttpClient/4.5.3 (Java/1.8.0_211)
12:54:41.850 [Forwarding get on session 7713c0bba11b6ffcf61452f47f2c8db2 to remote] DEBUG org.apache.http.headers - http-outgoing-29 >> Accept-Encoding: gzip,deflate
12:54:41.850 [Forwarding get on session 7713c0bba11b6ffcf61452f47f2c8db2 to remote] DEBUG org.apache.http.wire - http-outgoing-29 >> "POST /session/7713c0bba11b6ffcf61452f47f2c8db2/url HTTP/1.1[\r][\n]"
12:54:41.850 [Forwarding get on session 7713c0bba11b6ffcf61452f47f2c8db2 to remote] DEBUG org.apache.http.wire - http-outgoing-29 >> "Content-Type: application/json; charset=utf-8[\r][\n]"
12:54:41.850 [Forwarding get on session 7713c0bba11b6ffcf61452f47f2c8db2 to remote] DEBUG org.apache.http.wire - http-outgoing-29 >> "Content-Length: 33[\r][\n]"
12:54:41.850 [Forwarding get on session 7713c0bba11b6ffcf61452f47f2c8db2 to remote] DEBUG org.apache.http.wire - http-outgoing-29 >> "Host: localhost:22258[\r][\n]"
12:54:41.850 [Forwarding get on session 7713c0bba11b6ffcf61452f47f2c8db2 to remote] DEBUG org.apache.http.wire - http-outgoing-29 >> "Connection: Keep-Alive[\r][\n]"
12:54:41.850 [Forwarding get on session 7713c0bba11b6ffcf61452f47f2c8db2 to remote] DEBUG org.apache.http.wire - http-outgoing-29 >> "User-Agent: Apache-HttpClient/4.5.3 (Java/1.8.0_211)[\r][\n]"
12:54:41.850 [Forwarding get on session 7713c0bba11b6ffcf61452f47f2c8db2 to remote] DEBUG org.apache.http.wire - http-outgoing-29 >> "Accept-Encoding: gzip,deflate[\r][\n]"
12:54:41.850 [Forwarding get on session 7713c0bba11b6ffcf61452f47f2c8db2 to remote] DEBUG org.apache.http.wire - http-outgoing-29 >> "[\r][\n]"
12:54:41.850 [Forwarding get on session 7713c0bba11b6ffcf61452f47f2c8db2 to remote] DEBUG org.apache.http.wire - http-outgoing-29 >> "{"url":"https://tronscan.org/#/"}"
12:54:44.587 [Forwarding get on session 7713c0bba11b6ffcf61452f47f2c8db2 to remote] DEBUG org.apache.http.wire - http-outgoing-29 << "HTTP/1.1 200 OK[\r][\n]"
12:54:44.587 [Forwarding get on session 7713c0bba11b6ffcf61452f47f2c8db2 to remote] DEBUG org.apache.http.wire - http-outgoing-29 << "Content-Length:14[\r][\n]"
12:54:44.587 [Forwarding get on session 7713c0bba11b6ffcf61452f47f2c8db2 to remote] DEBUG org.apache.http.wire - http-outgoing-29 << "Content-Type:application/json; charset=utf-8[\r][\n]"
12:54:44.587 [Forwarding get on session 7713c0bba11b6ffcf61452f47f2c8db2 to remote] DEBUG org.apache.http.wire - http-outgoing-29 << "cache-control:no-cache[\r][\n]"
12:54:44.587 [Forwarding get on session 7713c0bba11b6ffcf61452f47f2c8db2 to remote] DEBUG org.apache.http.wire - http-outgoing-29 << "[\r][\n]"
12:54:44.587 [Forwarding get on session 7713c0bba11b6ffcf61452f47f2c8db2 to remote] DEBUG org.apache.http.wire - http-outgoing-29 << "{"value":null}"
12:54:44.587 [Forwarding get on session 7713c0bba11b6ffcf61452f47f2c8db2 to remote] DEBUG org.apache.http.headers - http-outgoing-29 << HTTP/1.1 200 OK
12:54:44.587 [Forwarding get on session 7713c0bba11b6ffcf61452f47f2c8db2 to remote] DEBUG org.apache.http.headers - http-outgoing-29 << Content-Length:14
12:54:44.587 [Forwarding get on session 7713c0bba11b6ffcf61452f47f2c8db2 to remote] DEBUG org.apache.http.headers - http-outgoing-29 << Content-Type:application/json; charset=utf-8
12:54:44.587 [Forwarding get on session 7713c0bba11b6ffcf61452f47f2c8db2 to remote] DEBUG org.apache.http.headers - http-outgoing-29 << cache-control:no-cache
12:54:44.587 [Forwarding get on session 7713c0bba11b6ffcf61452f47f2c8db2 to remote] DEBUG org.apache.http.impl.execchain.MainClientExec - Connection can be kept alive indefinitely
12:54:44.587 [Forwarding get on session 7713c0bba11b6ffcf61452f47f2c8db2 to remote] DEBUG org.apache.http.impl.conn.PoolingHttpClientConnectionManager - Connection [id: 29][route: {}->http://localhost:22258] can be kept alive indefinitely
12:54:44.587 [Forwarding get on session 7713c0bba11b6ffcf61452f47f2c8db2 to remote] DEBUG org.apache.http.impl.conn.PoolingHttpClientConnectionManager - Connection released: [id: 29][route: {}->http://localhost:22258][total kept alive: 12; route allocated: 1 of 2000; total allocated: 12 of 2000]
成功打开谷歌浏览器！
12:54:44.588 [Forwarding setTimeout on session 7713c0bba11b6ffcf61452f47f2c8db2 to remote] DEBUG org.apache.http.client.protocol.RequestAddCookies - CookieSpec selected: default
12:54:44.588 [Forwarding setTimeout on session 7713c0bba11b6ffcf61452f47f2c8db2 to remote] DEBUG org.apache.http.client.protocol.RequestAuthCache - Auth cache not set in the context
12:54:44.588 [Forwarding setTimeout on session 7713c0bba11b6ffcf61452f47f2c8db2 to remote] DEBUG org.apache.http.impl.conn.PoolingHttpClientConnectionManager - Connection request: [route: {}->http://localhost:22258][total kept alive: 12; route allocated: 1 of 2000; total allocated: 12 of 2000]
12:54:44.588 [Forwarding setTimeout on session 7713c0bba11b6ffcf61452f47f2c8db2 to remote] DEBUG org.apache.http.impl.conn.PoolingHttpClientConnectionManager - Connection leased: [id: 29][route: {}->http://localhost:22258][total kept alive: 11; route allocated: 1 of 2000; total allocated: 12 of 2000]
12:54:44.588 [Forwarding setTimeout on session 7713c0bba11b6ffcf61452f47f2c8db2 to remote] DEBUG org.apache.http.impl.execchain.MainClientExec - Stale connection check
12:54:44.589 [Forwarding setTimeout on session 7713c0bba11b6ffcf61452f47f2c8db2 to remote] DEBUG org.apache.http.wire - http-outgoing-29 << "[read] I/O error: Read timed out"
12:54:44.589 [Forwarding setTimeout on session 7713c0bba11b6ffcf61452f47f2c8db2 to remote] DEBUG org.apache.http.impl.conn.DefaultManagedHttpClientConnection - http-outgoing-29: set socket timeout to 10800000
12:54:44.589 [Forwarding setTimeout on session 7713c0bba11b6ffcf61452f47f2c8db2 to remote] DEBUG org.apache.http.impl.execchain.MainClientExec - Executing request POST /session/7713c0bba11b6ffcf61452f47f2c8db2/timeouts HTTP/1.1
12:54:44.589 [Forwarding setTimeout on session 7713c0bba11b6ffcf61452f47f2c8db2 to remote] DEBUG org.apache.http.impl.execchain.MainClientExec - Target auth state: UNCHALLENGED
12:54:44.589 [Forwarding setTimeout on session 7713c0bba11b6ffcf61452f47f2c8db2 to remote] DEBUG org.apache.http.impl.execchain.MainClientExec - Proxy auth state: UNCHALLENGED
12:54:44.589 [Forwarding setTimeout on session 7713c0bba11b6ffcf61452f47f2c8db2 to remote] DEBUG org.apache.http.headers - http-outgoing-29 >> POST /session/7713c0bba11b6ffcf61452f47f2c8db2/timeouts HTTP/1.1
12:54:44.589 [Forwarding setTimeout on session 7713c0bba11b6ffcf61452f47f2c8db2 to remote] DEBUG org.apache.http.headers - http-outgoing-29 >> Content-Type: application/json; charset=utf-8
12:54:44.589 [Forwarding setTimeout on session 7713c0bba11b6ffcf61452f47f2c8db2 to remote] DEBUG org.apache.http.headers - http-outgoing-29 >> Content-Length: 18
12:54:44.589 [Forwarding setTimeout on session 7713c0bba11b6ffcf61452f47f2c8db2 to remote] DEBUG org.apache.http.headers - http-outgoing-29 >> Host: localhost:22258
12:54:44.589 [Forwarding setTimeout on session 7713c0bba11b6ffcf61452f47f2c8db2 to remote] DEBUG org.apache.http.headers - http-outgoing-29 >> Connection: Keep-Alive
12:54:44.589 [Forwarding setTimeout on session 7713c0bba11b6ffcf61452f47f2c8db2 to remote] DEBUG org.apache.http.headers - http-outgoing-29 >> User-Agent: Apache-HttpClient/4.5.3 (Java/1.8.0_211)
12:54:44.589 [Forwarding setTimeout on session 7713c0bba11b6ffcf61452f47f2c8db2 to remote] DEBUG org.apache.http.headers - http-outgoing-29 >> Accept-Encoding: gzip,deflate
12:54:44.589 [Forwarding setTimeout on session 7713c0bba11b6ffcf61452f47f2c8db2 to remote] DEBUG org.apache.http.wire - http-outgoing-29 >> "POST /session/7713c0bba11b6ffcf61452f47f2c8db2/timeouts HTTP/1.1[\r][\n]"
12:54:44.589 [Forwarding setTimeout on session 7713c0bba11b6ffcf61452f47f2c8db2 to remote] DEBUG org.apache.http.wire - http-outgoing-29 >> "Content-Type: application/json; charset=utf-8[\r][\n]"
12:54:44.589 [Forwarding setTimeout on session 7713c0bba11b6ffcf61452f47f2c8db2 to remote] DEBUG org.apache.http.wire - http-outgoing-29 >> "Content-Length: 18[\r][\n]"
12:54:44.589 [Forwarding setTimeout on session 7713c0bba11b6ffcf61452f47f2c8db2 to remote] DEBUG org.apache.http.wire - http-outgoing-29 >> "Host: localhost:22258[\r][\n]"
12:54:44.589 [Forwarding setTimeout on session 7713c0bba11b6ffcf61452f47f2c8db2 to remote] DEBUG org.apache.http.wire - http-outgoing-29 >> "Connection: Keep-Alive[\r][\n]"
12:54:44.589 [Forwarding setTimeout on session 7713c0bba11b6ffcf61452f47f2c8db2 to remote] DEBUG org.apache.http.wire - http-outgoing-29 >> "User-Agent: Apache-HttpClient/4.5.3 (Java/1.8.0_211)[\r][\n]"
12:54:44.589 [Forwarding setTimeout on session 7713c0bba11b6ffcf61452f47f2c8db2 to remote] DEBUG org.apache.http.wire - http-outgoing-29 >> "Accept-Encoding: gzip,deflate[\r][\n]"
12:54:44.589 [Forwarding setTimeout on session 7713c0bba11b6ffcf61452f47f2c8db2 to remote] DEBUG org.apache.http.wire - http-outgoing-29 >> "[\r][\n]"
12:54:44.589 [Forwarding setTimeout on session 7713c0bba11b6ffcf61452f47f2c8db2 to remote] DEBUG org.apache.http.wire - http-outgoing-29 >> "{"implicit":10000}"
12:54:44.590 [Forwarding setTimeout on session 7713c0bba11b6ffcf61452f47f2c8db2 to remote] DEBUG org.apache.http.wire - http-outgoing-29 << "HTTP/1.1 200 OK[\r][\n]"
12:54:44.590 [Forwarding setTimeout on session 7713c0bba11b6ffcf61452f47f2c8db2 to remote] DEBUG org.apache.http.wire - http-outgoing-29 << "Content-Length:14[\r][\n]"
12:54:44.590 [Forwarding setTimeout on session 7713c0bba11b6ffcf61452f47f2c8db2 to remote] DEBUG org.apache.http.wire - http-outgoing-29 << "Content-Type:application/json; charset=utf-8[\r][\n]"
12:54:44.590 [Forwarding setTimeout on session 7713c0bba11b6ffcf61452f47f2c8db2 to remote] DEBUG org.apache.http.wire - http-outgoing-29 << "cache-control:no-cache[\r][\n]"
12:54:44.590 [Forwarding setTimeout on session 7713c0bba11b6ffcf61452f47f2c8db2 to remote] DEBUG org.apache.http.wire - http-outgoing-29 << "[\r][\n]"
12:54:44.590 [Forwarding setTimeout on session 7713c0bba11b6ffcf61452f47f2c8db2 to remote] DEBUG org.apache.http.wire - http-outgoing-29 << "{"value":null}"
12:54:44.590 [Forwarding setTimeout on session 7713c0bba11b6ffcf61452f47f2c8db2 to remote] DEBUG org.apache.http.headers - http-outgoing-29 << HTTP/1.1 200 OK
12:54:44.590 [Forwarding setTimeout on session 7713c0bba11b6ffcf61452f47f2c8db2 to remote] DEBUG org.apache.http.headers - http-outgoing-29 << Content-Length:14
12:54:44.590 [Forwarding setTimeout on session 7713c0bba11b6ffcf61452f47f2c8db2 to remote] DEBUG org.apache.http.headers - http-outgoing-29 << Content-Type:application/json; charset=utf-8
12:54:44.590 [Forwarding setTimeout on session 7713c0bba11b6ffcf61452f47f2c8db2 to remote] DEBUG org.apache.http.headers - http-outgoing-29 << cache-control:no-cache
12:54:44.590 [Forwarding setTimeout on session 7713c0bba11b6ffcf61452f47f2c8db2 to remote] DEBUG org.apache.http.impl.execchain.MainClientExec - Connection can be kept alive indefinitely
12:54:44.590 [Forwarding setTimeout on session 7713c0bba11b6ffcf61452f47f2c8db2 to remote] DEBUG org.apache.http.impl.conn.PoolingHttpClientConnectionManager - Connection [id: 29][route: {}->http://localhost:22258] can be kept alive indefinitely
12:54:44.590 [Forwarding setTimeout on session 7713c0bba11b6ffcf61452f47f2c8db2 to remote] DEBUG org.apache.http.impl.conn.PoolingHttpClientConnectionManager - Connection released: [id: 29][route: {}->http://localhost:22258][total kept alive: 12; route allocated: 1 of 2000; total allocated: 12 of 2000]
LOGIN
12:54:44.590 [Forwarding setCurrentWindowSize on session 7713c0bba11b6ffcf61452f47f2c8db2 to remote] DEBUG org.apache.http.client.protocol.RequestAddCookies - CookieSpec selected: default
12:54:44.590 [Forwarding setCurrentWindowSize on session 7713c0bba11b6ffcf61452f47f2c8db2 to remote] DEBUG org.apache.http.client.protocol.RequestAuthCache - Auth cache not set in the context
12:54:44.590 [Forwarding setCurrentWindowSize on session 7713c0bba11b6ffcf61452f47f2c8db2 to remote] DEBUG org.apache.http.impl.conn.PoolingHttpClientConnectionManager - Connection request: [route: {}->http://localhost:22258][total kept alive: 12; route allocated: 1 of 2000; total allocated: 12 of 2000]
12:54:44.590 [Forwarding setCurrentWindowSize on session 7713c0bba11b6ffcf61452f47f2c8db2 to remote] DEBUG org.apache.http.impl.conn.PoolingHttpClientConnectionManager - Connection leased: [id: 29][route: {}->http://localhost:22258][total kept alive: 11; route allocated: 1 of 2000; total allocated: 12 of 2000]
12:54:44.590 [Forwarding setCurrentWindowSize on session 7713c0bba11b6ffcf61452f47f2c8db2 to remote] DEBUG org.apache.http.impl.execchain.MainClientExec - Stale connection check
12:54:44.592 [Forwarding setCurrentWindowSize on session 7713c0bba11b6ffcf61452f47f2c8db2 to remote] DEBUG org.apache.http.wire - http-outgoing-29 << "[read] I/O error: Read timed out"
12:54:44.592 [Forwarding setCurrentWindowSize on session 7713c0bba11b6ffcf61452f47f2c8db2 to remote] DEBUG org.apache.http.impl.conn.DefaultManagedHttpClientConnection - http-outgoing-29: set socket timeout to 10800000
12:54:44.592 [Forwarding setCurrentWindowSize on session 7713c0bba11b6ffcf61452f47f2c8db2 to remote] DEBUG org.apache.http.impl.execchain.MainClientExec - Executing request POST /session/7713c0bba11b6ffcf61452f47f2c8db2/window/rect HTTP/1.1
12:54:44.592 [Forwarding setCurrentWindowSize on session 7713c0bba11b6ffcf61452f47f2c8db2 to remote] DEBUG org.apache.http.impl.execchain.MainClientExec - Target auth state: UNCHALLENGED
12:54:44.592 [Forwarding setCurrentWindowSize on session 7713c0bba11b6ffcf61452f47f2c8db2 to remote] DEBUG org.apache.http.impl.execchain.MainClientExec - Proxy auth state: UNCHALLENGED
12:54:44.592 [Forwarding setCurrentWindowSize on session 7713c0bba11b6ffcf61452f47f2c8db2 to remote] DEBUG org.apache.http.headers - http-outgoing-29 >> POST /session/7713c0bba11b6ffcf61452f47f2c8db2/window/rect HTTP/1.1
12:54:44.592 [Forwarding setCurrentWindowSize on session 7713c0bba11b6ffcf61452f47f2c8db2 to remote] DEBUG org.apache.http.headers - http-outgoing-29 >> Content-Type: application/json; charset=utf-8
12:54:44.592 [Forwarding setCurrentWindowSize on session 7713c0bba11b6ffcf61452f47f2c8db2 to remote] DEBUG org.apache.http.headers - http-outgoing-29 >> Content-Length: 28
12:54:44.592 [Forwarding setCurrentWindowSize on session 7713c0bba11b6ffcf61452f47f2c8db2 to remote] DEBUG org.apache.http.headers - http-outgoing-29 >> Host: localhost:22258
12:54:44.592 [Forwarding setCurrentWindowSize on session 7713c0bba11b6ffcf61452f47f2c8db2 to remote] DEBUG org.apache.http.headers - http-outgoing-29 >> Connection: Keep-Alive
12:54:44.592 [Forwarding setCurrentWindowSize on session 7713c0bba11b6ffcf61452f47f2c8db2 to remote] DEBUG org.apache.http.headers - http-outgoing-29 >> User-Agent: Apache-HttpClient/4.5.3 (Java/1.8.0_211)
12:54:44.592 [Forwarding setCurrentWindowSize on session 7713c0bba11b6ffcf61452f47f2c8db2 to remote] DEBUG org.apache.http.headers - http-outgoing-29 >> Accept-Encoding: gzip,deflate
12:54:44.592 [Forwarding setCurrentWindowSize on session 7713c0bba11b6ffcf61452f47f2c8db2 to remote] DEBUG org.apache.http.wire - http-outgoing-29 >> "POST /session/7713c0bba11b6ffcf61452f47f2c8db2/window/rect HTTP/1.1[\r][\n]"
12:54:44.592 [Forwarding setCurrentWindowSize on session 7713c0bba11b6ffcf61452f47f2c8db2 to remote] DEBUG org.apache.http.wire - http-outgoing-29 >> "Content-Type: application/json; charset=utf-8[\r][\n]"
12:54:44.592 [Forwarding setCurrentWindowSize on session 7713c0bba11b6ffcf61452f47f2c8db2 to remote] DEBUG org.apache.http.wire - http-outgoing-29 >> "Content-Length: 28[\r][\n]"
12:54:44.592 [Forwarding setCurrentWindowSize on session 7713c0bba11b6ffcf61452f47f2c8db2 to remote] DEBUG org.apache.http.wire - http-outgoing-29 >> "Host: localhost:22258[\r][\n]"
12:54:44.592 [Forwarding setCurrentWindowSize on session 7713c0bba11b6ffcf61452f47f2c8db2 to remote] DEBUG org.apache.http.wire - http-outgoing-29 >> "Connection: Keep-Alive[\r][\n]"
12:54:44.592 [Forwarding setCurrentWindowSize on session 7713c0bba11b6ffcf61452f47f2c8db2 to remote] DEBUG org.apache.http.wire - http-outgoing-29 >> "User-Agent: Apache-HttpClient/4.5.3 (Java/1.8.0_211)[\r][\n]"
12:54:44.592 [Forwarding setCurrentWindowSize on session 7713c0bba11b6ffcf61452f47f2c8db2 to remote] DEBUG org.apache.http.wire - http-outgoing-29 >> "Accept-Encoding: gzip,deflate[\r][\n]"
12:54:44.592 [Forwarding setCurrentWindowSize on session 7713c0bba11b6ffcf61452f47f2c8db2 to remote] DEBUG org.apache.http.wire - http-outgoing-29 >> "[\r][\n]"
12:54:44.592 [Forwarding setCurrentWindowSize on session 7713c0bba11b6ffcf61452f47f2c8db2 to remote] DEBUG org.apache.http.wire - http-outgoing-29 >> "{"width":2560,"height":1440}"
12:54:44.722 [Forwarding setCurrentWindowSize on session 7713c0bba11b6ffcf61452f47f2c8db2 to remote] DEBUG org.apache.http.wire - http-outgoing-29 << "HTTP/1.1 200 OK[\r][\n]"
12:54:44.722 [Forwarding setCurrentWindowSize on session 7713c0bba11b6ffcf61452f47f2c8db2 to remote] DEBUG org.apache.http.wire - http-outgoing-29 << "Content-Length:52[\r][\n]"
12:54:44.722 [Forwarding setCurrentWindowSize on session 7713c0bba11b6ffcf61452f47f2c8db2 to remote] DEBUG org.apache.http.wire - http-outgoing-29 << "Content-Type:application/json; charset=utf-8[\r][\n]"
12:54:44.722 [Forwarding setCurrentWindowSize on session 7713c0bba11b6ffcf61452f47f2c8db2 to remote] DEBUG org.apache.http.wire - http-outgoing-29 << "cache-control:no-cache[\r][\n]"
12:54:44.722 [Forwarding setCurrentWindowSize on session 7713c0bba11b6ffcf61452f47f2c8db2 to remote] DEBUG org.apache.http.wire - http-outgoing-29 << "[\r][\n]"
12:54:44.723 [Forwarding setCurrentWindowSize on session 7713c0bba11b6ffcf61452f47f2c8db2 to remote] DEBUG org.apache.http.wire - http-outgoing-29 << "{"value":{"height":1366,"width":2560,"x":22,"y":23}}"
12:54:44.723 [Forwarding setCurrentWindowSize on session 7713c0bba11b6ffcf61452f47f2c8db2 to remote] DEBUG org.apache.http.headers - http-outgoing-29 << HTTP/1.1 200 OK
12:54:44.723 [Forwarding setCurrentWindowSize on session 7713c0bba11b6ffcf61452f47f2c8db2 to remote] DEBUG org.apache.http.headers - http-outgoing-29 << Content-Length:52
12:54:44.723 [Forwarding setCurrentWindowSize on session 7713c0bba11b6ffcf61452f47f2c8db2 to remote] DEBUG org.apache.http.headers - http-outgoing-29 << Content-Type:application/json; charset=utf-8
12:54:44.723 [Forwarding setCurrentWindowSize on session 7713c0bba11b6ffcf61452f47f2c8db2 to remote] DEBUG org.apache.http.headers - http-outgoing-29 << cache-control:no-cache
12:54:44.723 [Forwarding setCurrentWindowSize on session 7713c0bba11b6ffcf61452f47f2c8db2 to remote] DEBUG org.apache.http.impl.execchain.MainClientExec - Connection can be kept alive indefinitely
12:54:44.723 [Forwarding setCurrentWindowSize on session 7713c0bba11b6ffcf61452f47f2c8db2 to remote] DEBUG org.apache.http.impl.conn.PoolingHttpClientConnectionManager - Connection [id: 29][route: {}->http://localhost:22258] can be kept alive indefinitely
12:54:44.723 [Forwarding setCurrentWindowSize on session 7713c0bba11b6ffcf61452f47f2c8db2 to remote] DEBUG org.apache.http.impl.conn.PoolingHttpClientConnectionManager - Connection released: [id: 29][route: {}->http://localhost:22258][total kept alive: 12; route allocated: 1 of 2000; total allocated: 12 of 2000]
12:54:44.925 [Forwarding findElement on session 7713c0bba11b6ffcf61452f47f2c8db2 to remote] DEBUG org.apache.http.client.protocol.RequestAddCookies - CookieSpec selected: default
12:54:44.925 [Forwarding findElement on session 7713c0bba11b6ffcf61452f47f2c8db2 to remote] DEBUG org.apache.http.client.protocol.RequestAuthCache - Auth cache not set in the context
12:54:44.925 [Forwarding findElement on session 7713c0bba11b6ffcf61452f47f2c8db2 to remote] DEBUG org.apache.http.impl.conn.PoolingHttpClientConnectionManager - Connection request: [route: {}->http://localhost:22258][total kept alive: 12; route allocated: 1 of 2000; total allocated: 12 of 2000]
12:54:44.925 [Forwarding findElement on session 7713c0bba11b6ffcf61452f47f2c8db2 to remote] DEBUG org.apache.http.impl.conn.PoolingHttpClientConnectionManager - Connection leased: [id: 29][route: {}->http://localhost:22258][total kept alive: 11; route allocated: 1 of 2000; total allocated: 12 of 2000]
12:54:44.925 [Forwarding findElement on session 7713c0bba11b6ffcf61452f47f2c8db2 to remote] DEBUG org.apache.http.impl.execchain.MainClientExec - Stale connection check
12:54:44.927 [Forwarding findElement on session 7713c0bba11b6ffcf61452f47f2c8db2 to remote] DEBUG org.apache.http.wire - http-outgoing-29 << "[read] I/O error: Read timed out"
12:54:44.927 [Forwarding findElement on session 7713c0bba11b6ffcf61452f47f2c8db2 to remote] DEBUG org.apache.http.impl.conn.DefaultManagedHttpClientConnection - http-outgoing-29: set socket timeout to 10800000
12:54:44.927 [Forwarding findElement on session 7713c0bba11b6ffcf61452f47f2c8db2 to remote] DEBUG org.apache.http.impl.execchain.MainClientExec - Executing request POST /session/7713c0bba11b6ffcf61452f47f2c8db2/element HTTP/1.1
12:54:44.927 [Forwarding findElement on session 7713c0bba11b6ffcf61452f47f2c8db2 to remote] DEBUG org.apache.http.impl.execchain.MainClientExec - Target auth state: UNCHALLENGED
12:54:44.927 [Forwarding findElement on session 7713c0bba11b6ffcf61452f47f2c8db2 to remote] DEBUG org.apache.http.impl.execchain.MainClientExec - Proxy auth state: UNCHALLENGED
12:54:44.927 [Forwarding findElement on session 7713c0bba11b6ffcf61452f47f2c8db2 to remote] DEBUG org.apache.http.headers - http-outgoing-29 >> POST /session/7713c0bba11b6ffcf61452f47f2c8db2/element HTTP/1.1
12:54:44.927 [Forwarding findElement on session 7713c0bba11b6ffcf61452f47f2c8db2 to remote] DEBUG org.apache.http.headers - http-outgoing-29 >> Content-Type: application/json; charset=utf-8
12:54:44.927 [Forwarding findElement on session 7713c0bba11b6ffcf61452f47f2c8db2 to remote] DEBUG org.apache.http.headers - http-outgoing-29 >> Content-Length: 58
12:54:44.927 [Forwarding findElement on session 7713c0bba11b6ffcf61452f47f2c8db2 to remote] DEBUG org.apache.http.headers - http-outgoing-29 >> Host: localhost:22258
12:54:44.927 [Forwarding findElement on session 7713c0bba11b6ffcf61452f47f2c8db2 to remote] DEBUG org.apache.http.headers - http-outgoing-29 >> Connection: Keep-Alive
12:54:44.927 [Forwarding findElement on session 7713c0bba11b6ffcf61452f47f2c8db2 to remote] DEBUG org.apache.http.headers - http-outgoing-29 >> User-Agent: Apache-HttpClient/4.5.3 (Java/1.8.0_211)
12:54:44.927 [Forwarding findElement on session 7713c0bba11b6ffcf61452f47f2c8db2 to remote] DEBUG org.apache.http.headers - http-outgoing-29 >> Accept-Encoding: gzip,deflate
12:54:44.927 [Forwarding findElement on session 7713c0bba11b6ffcf61452f47f2c8db2 to remote] DEBUG org.apache.http.wire - http-outgoing-29 >> "POST /session/7713c0bba11b6ffcf61452f47f2c8db2/element HTTP/1.1[\r][\n]"
12:54:44.927 [Forwarding findElement on session 7713c0bba11b6ffcf61452f47f2c8db2 to remote] DEBUG org.apache.http.wire - http-outgoing-29 >> "Content-Type: application/json; charset=utf-8[\r][\n]"
12:54:44.927 [Forwarding findElement on session 7713c0bba11b6ffcf61452f47f2c8db2 to remote] DEBUG org.apache.http.wire - http-outgoing-29 >> "Content-Length: 58[\r][\n]"
12:54:44.927 [Forwarding findElement on session 7713c0bba11b6ffcf61452f47f2c8db2 to remote] DEBUG org.apache.http.wire - http-outgoing-29 >> "Host: localhost:22258[\r][\n]"
12:54:44.927 [Forwarding findElement on session 7713c0bba11b6ffcf61452f47f2c8db2 to remote] DEBUG org.apache.http.wire - http-outgoing-29 >> "Connection: Keep-Alive[\r][\n]"
12:54:44.927 [Forwarding findElement on session 7713c0bba11b6ffcf61452f47f2c8db2 to remote] DEBUG org.apache.http.wire - http-outgoing-29 >> "User-Agent: Apache-HttpClient/4.5.3 (Java/1.8.0_211)[\r][\n]"
12:54:44.927 [Forwarding findElement on session 7713c0bba11b6ffcf61452f47f2c8db2 to remote] DEBUG org.apache.http.wire - http-outgoing-29 >> "Accept-Encoding: gzip,deflate[\r][\n]"
12:54:44.927 [Forwarding findElement on session 7713c0bba11b6ffcf61452f47f2c8db2 to remote] DEBUG org.apache.http.wire - http-outgoing-29 >> "[\r][\n]"
12:54:44.927 [Forwarding findElement on session 7713c0bba11b6ffcf61452f47f2c8db2 to remote] DEBUG org.apache.http.wire - http-outgoing-29 >> "{"value":".dropdown-toggle > span","using":"css selector"}"
12:54:44.936 [Forwarding findElement on session 7713c0bba11b6ffcf61452f47f2c8db2 to remote] DEBUG org.apache.http.wire - http-outgoing-29 << "HTTP/1.1 200 OK[\r][\n]"
12:54:44.936 [Forwarding findElement on session 7713c0bba11b6ffcf61452f47f2c8db2 to remote] DEBUG org.apache.http.wire - http-outgoing-29 << "Content-Length:88[\r][\n]"
12:54:44.936 [Forwarding findElement on session 7713c0bba11b6ffcf61452f47f2c8db2 to remote] DEBUG org.apache.http.wire - http-outgoing-29 << "Content-Type:application/json; charset=utf-8[\r][\n]"
12:54:44.936 [Forwarding findElement on session 7713c0bba11b6ffcf61452f47f2c8db2 to remote] DEBUG org.apache.http.wire - http-outgoing-29 << "cache-control:no-cache[\r][\n]"
12:54:44.936 [Forwarding findElement on session 7713c0bba11b6ffcf61452f47f2c8db2 to remote] DEBUG org.apache.http.wire - http-outgoing-29 << "[\r][\n]"
12:54:44.936 [Forwarding findElement on session 7713c0bba11b6ffcf61452f47f2c8db2 to remote] DEBUG org.apache.http.wire - http-outgoing-29 << "{"value":{"element-6066-11e4-a52e-4f735466cecf":"57eeebe7-d619-460a-b9c3-0e607fcc97a8"}}"
12:54:44.936 [Forwarding findElement on session 7713c0bba11b6ffcf61452f47f2c8db2 to remote] DEBUG org.apache.http.headers - http-outgoing-29 << HTTP/1.1 200 OK
12:54:44.936 [Forwarding findElement on session 7713c0bba11b6ffcf61452f47f2c8db2 to remote] DEBUG org.apache.http.headers - http-outgoing-29 << Content-Length:88
12:54:44.936 [Forwarding findElement on session 7713c0bba11b6ffcf61452f47f2c8db2 to remote] DEBUG org.apache.http.headers - http-outgoing-29 << Content-Type:application/json; charset=utf-8
12:54:44.936 [Forwarding findElement on session 7713c0bba11b6ffcf61452f47f2c8db2 to remote] DEBUG org.apache.http.headers - http-outgoing-29 << cache-control:no-cache
12:54:44.936 [Forwarding findElement on session 7713c0bba11b6ffcf61452f47f2c8db2 to remote] DEBUG org.apache.http.impl.execchain.MainClientExec - Connection can be kept alive indefinitely
12:54:44.936 [Forwarding findElement on session 7713c0bba11b6ffcf61452f47f2c8db2 to remote] DEBUG org.apache.http.impl.conn.PoolingHttpClientConnectionManager - Connection [id: 29][route: {}->http://localhost:22258] can be kept alive indefinitely
12:54:44.936 [Forwarding findElement on session 7713c0bba11b6ffcf61452f47f2c8db2 to remote] DEBUG org.apache.http.impl.conn.PoolingHttpClientConnectionManager - Connection released: [id: 29][route: {}->http://localhost:22258][total kept alive: 12; route allocated: 1 of 2000; total allocated: 12 of 2000]
12:54:44.937 [Forwarding actions on session 7713c0bba11b6ffcf61452f47f2c8db2 to remote] DEBUG org.apache.http.client.protocol.RequestAddCookies - CookieSpec selected: default
12:54:44.937 [Forwarding actions on session 7713c0bba11b6ffcf61452f47f2c8db2 to remote] DEBUG org.apache.http.client.protocol.RequestAuthCache - Auth cache not set in the context
12:54:44.937 [Forwarding actions on session 7713c0bba11b6ffcf61452f47f2c8db2 to remote] DEBUG org.apache.http.impl.conn.PoolingHttpClientConnectionManager - Connection request: [route: {}->http://localhost:22258][total kept alive: 12; route allocated: 1 of 2000; total allocated: 12 of 2000]
12:54:44.937 [Forwarding actions on session 7713c0bba11b6ffcf61452f47f2c8db2 to remote] DEBUG org.apache.http.impl.conn.PoolingHttpClientConnectionManager - Connection leased: [id: 29][route: {}->http://localhost:22258][total kept alive: 11; route allocated: 1 of 2000; total allocated: 12 of 2000]
12:54:44.937 [Forwarding actions on session 7713c0bba11b6ffcf61452f47f2c8db2 to remote] DEBUG org.apache.http.impl.execchain.MainClientExec - Stale connection check
12:54:44.938 [Forwarding actions on session 7713c0bba11b6ffcf61452f47f2c8db2 to remote] DEBUG org.apache.http.wire - http-outgoing-29 << "[read] I/O error: Read timed out"
12:54:44.938 [Forwarding actions on session 7713c0bba11b6ffcf61452f47f2c8db2 to remote] DEBUG org.apache.http.impl.conn.DefaultManagedHttpClientConnection - http-outgoing-29: set socket timeout to 10800000
12:54:44.938 [Forwarding actions on session 7713c0bba11b6ffcf61452f47f2c8db2 to remote] DEBUG org.apache.http.impl.execchain.MainClientExec - Executing request POST /session/7713c0bba11b6ffcf61452f47f2c8db2/actions HTTP/1.1
12:54:44.938 [Forwarding actions on session 7713c0bba11b6ffcf61452f47f2c8db2 to remote] DEBUG org.apache.http.impl.execchain.MainClientExec - Target auth state: UNCHALLENGED
12:54:44.938 [Forwarding actions on session 7713c0bba11b6ffcf61452f47f2c8db2 to remote] DEBUG org.apache.http.impl.execchain.MainClientExec - Proxy auth state: UNCHALLENGED
12:54:44.938 [Forwarding actions on session 7713c0bba11b6ffcf61452f47f2c8db2 to remote] DEBUG org.apache.http.headers - http-outgoing-29 >> POST /session/7713c0bba11b6ffcf61452f47f2c8db2/actions HTTP/1.1
12:54:44.938 [Forwarding actions on session 7713c0bba11b6ffcf61452f47f2c8db2 to remote] DEBUG org.apache.http.headers - http-outgoing-29 >> Content-Type: application/json; charset=utf-8
12:54:44.938 [Forwarding actions on session 7713c0bba11b6ffcf61452f47f2c8db2 to remote] DEBUG org.apache.http.headers - http-outgoing-29 >> Content-Length: 289
12:54:44.938 [Forwarding actions on session 7713c0bba11b6ffcf61452f47f2c8db2 to remote] DEBUG org.apache.http.headers - http-outgoing-29 >> Host: localhost:22258
12:54:44.938 [Forwarding actions on session 7713c0bba11b6ffcf61452f47f2c8db2 to remote] DEBUG org.apache.http.headers - http-outgoing-29 >> Connection: Keep-Alive
12:54:44.938 [Forwarding actions on session 7713c0bba11b6ffcf61452f47f2c8db2 to remote] DEBUG org.apache.http.headers - http-outgoing-29 >> User-Agent: Apache-HttpClient/4.5.3 (Java/1.8.0_211)
12:54:44.938 [Forwarding actions on session 7713c0bba11b6ffcf61452f47f2c8db2 to remote] DEBUG org.apache.http.headers - http-outgoing-29 >> Accept-Encoding: gzip,deflate
12:54:44.938 [Forwarding actions on session 7713c0bba11b6ffcf61452f47f2c8db2 to remote] DEBUG org.apache.http.wire - http-outgoing-29 >> "POST /session/7713c0bba11b6ffcf61452f47f2c8db2/actions HTTP/1.1[\r][\n]"
12:54:44.938 [Forwarding actions on session 7713c0bba11b6ffcf61452f47f2c8db2 to remote] DEBUG org.apache.http.wire - http-outgoing-29 >> "Content-Type: application/json; charset=utf-8[\r][\n]"
12:54:44.938 [Forwarding actions on session 7713c0bba11b6ffcf61452f47f2c8db2 to remote] DEBUG org.apache.http.wire - http-outgoing-29 >> "Content-Length: 289[\r][\n]"
12:54:44.938 [Forwarding actions on session 7713c0bba11b6ffcf61452f47f2c8db2 to remote] DEBUG org.apache.http.wire - http-outgoing-29 >> "Host: localhost:22258[\r][\n]"
12:54:44.938 [Forwarding actions on session 7713c0bba11b6ffcf61452f47f2c8db2 to remote] DEBUG org.apache.http.wire - http-outgoing-29 >> "Connection: Keep-Alive[\r][\n]"
12:54:44.938 [Forwarding actions on session 7713c0bba11b6ffcf61452f47f2c8db2 to remote] DEBUG org.apache.http.wire - http-outgoing-29 >> "User-Agent: Apache-HttpClient/4.5.3 (Java/1.8.0_211)[\r][\n]"
12:54:44.938 [Forwarding actions on session 7713c0bba11b6ffcf61452f47f2c8db2 to remote] DEBUG org.apache.http.wire - http-outgoing-29 >> "Accept-Encoding: gzip,deflate[\r][\n]"
12:54:44.938 [Forwarding actions on session 7713c0bba11b6ffcf61452f47f2c8db2 to remote] DEBUG org.apache.http.wire - http-outgoing-29 >> "[\r][\n]"
12:54:44.938 [Forwarding actions on session 7713c0bba11b6ffcf61452f47f2c8db2 to remote] DEBUG org.apache.http.wire - http-outgoing-29 >> "{"actions":[{"id":"default mouse","type":"pointer","parameters":{"pointerType":"mouse"},"actions":[{"duration":100,"x":0,"y":0,"type":"pointerMove","origin":{"ELEMENT":"57eeebe7-d619-460a-b9c3-0e607fcc97a8","element-6066-11e4-a52e-4f735466cecf":"57eeebe7-d619-460a-b9c3-0e607fcc97a8"}}]}]}"
12:54:45.054 [Forwarding actions on session 7713c0bba11b6ffcf61452f47f2c8db2 to remote] DEBUG org.apache.http.wire - http-outgoing-29 << "HTTP/1.1 200 OK[\r][\n]"
12:54:45.054 [Forwarding actions on session 7713c0bba11b6ffcf61452f47f2c8db2 to remote] DEBUG org.apache.http.wire - http-outgoing-29 << "Content-Length:14[\r][\n]"
12:54:45.054 [Forwarding actions on session 7713c0bba11b6ffcf61452f47f2c8db2 to remote] DEBUG org.apache.http.wire - http-outgoing-29 << "Content-Type:application/json; charset=utf-8[\r][\n]"
12:54:45.054 [Forwarding actions on session 7713c0bba11b6ffcf61452f47f2c8db2 to remote] DEBUG org.apache.http.wire - http-outgoing-29 << "cache-control:no-cache[\r][\n]"
12:54:45.054 [Forwarding actions on session 7713c0bba11b6ffcf61452f47f2c8db2 to remote] DEBUG org.apache.http.wire - http-outgoing-29 << "[\r][\n]"
12:54:45.054 [Forwarding actions on session 7713c0bba11b6ffcf61452f47f2c8db2 to remote] DEBUG org.apache.http.wire - http-outgoing-29 << "{"value":null}"
12:54:45.054 [Forwarding actions on session 7713c0bba11b6ffcf61452f47f2c8db2 to remote] DEBUG org.apache.http.headers - http-outgoing-29 << HTTP/1.1 200 OK
12:54:45.054 [Forwarding actions on session 7713c0bba11b6ffcf61452f47f2c8db2 to remote] DEBUG org.apache.http.headers - http-outgoing-29 << Content-Length:14
12:54:45.054 [Forwarding actions on session 7713c0bba11b6ffcf61452f47f2c8db2 to remote] DEBUG org.apache.http.headers - http-outgoing-29 << Content-Type:application/json; charset=utf-8
12:54:45.054 [Forwarding actions on session 7713c0bba11b6ffcf61452f47f2c8db2 to remote] DEBUG org.apache.http.headers - http-outgoing-29 << cache-control:no-cache
12:54:45.054 [Forwarding actions on session 7713c0bba11b6ffcf61452f47f2c8db2 to remote] DEBUG org.apache.http.impl.execchain.MainClientExec - Connection can be kept alive indefinitely
12:54:45.054 [Forwarding actions on session 7713c0bba11b6ffcf61452f47f2c8db2 to remote] DEBUG org.apache.http.impl.conn.PoolingHttpClientConnectionManager - Connection [id: 29][route: {}->http://localhost:22258] can be kept alive indefinitely
12:54:45.054 [Forwarding actions on session 7713c0bba11b6ffcf61452f47f2c8db2 to remote] DEBUG org.apache.http.impl.conn.PoolingHttpClientConnectionManager - Connection released: [id: 29][route: {}->http://localhost:22258][total kept alive: 12; route allocated: 1 of 2000; total allocated: 12 of 2000]
12:54:45.054 [Forwarding findElement on session 7713c0bba11b6ffcf61452f47f2c8db2 to remote] DEBUG org.apache.http.client.protocol.RequestAddCookies - CookieSpec selected: default
12:54:45.054 [Forwarding findElement on session 7713c0bba11b6ffcf61452f47f2c8db2 to remote] DEBUG org.apache.http.client.protocol.RequestAuthCache - Auth cache not set in the context
12:54:45.054 [Forwarding findElement on session 7713c0bba11b6ffcf61452f47f2c8db2 to remote] DEBUG org.apache.http.impl.conn.PoolingHttpClientConnectionManager - Connection request: [route: {}->http://localhost:22258][total kept alive: 12; route allocated: 1 of 2000; total allocated: 12 of 2000]
12:54:45.054 [Forwarding findElement on session 7713c0bba11b6ffcf61452f47f2c8db2 to remote] DEBUG org.apache.http.impl.conn.PoolingHttpClientConnectionManager - Connection leased: [id: 29][route: {}->http://localhost:22258][total kept alive: 11; route allocated: 1 of 2000; total allocated: 12 of 2000]
12:54:45.054 [Forwarding findElement on session 7713c0bba11b6ffcf61452f47f2c8db2 to remote] DEBUG org.apache.http.impl.execchain.MainClientExec - Stale connection check
12:54:45.055 [Forwarding findElement on session 7713c0bba11b6ffcf61452f47f2c8db2 to remote] DEBUG org.apache.http.wire - http-outgoing-29 << "[read] I/O error: Read timed out"
12:54:45.055 [Forwarding findElement on session 7713c0bba11b6ffcf61452f47f2c8db2 to remote] DEBUG org.apache.http.impl.conn.DefaultManagedHttpClientConnection - http-outgoing-29: set socket timeout to 10800000
12:54:45.056 [Forwarding findElement on session 7713c0bba11b6ffcf61452f47f2c8db2 to remote] DEBUG org.apache.http.impl.execchain.MainClientExec - Executing request POST /session/7713c0bba11b6ffcf61452f47f2c8db2/element HTTP/1.1
12:54:45.056 [Forwarding findElement on session 7713c0bba11b6ffcf61452f47f2c8db2 to remote] DEBUG org.apache.http.impl.execchain.MainClientExec - Target auth state: UNCHALLENGED
12:54:45.056 [Forwarding findElement on session 7713c0bba11b6ffcf61452f47f2c8db2 to remote] DEBUG org.apache.http.impl.execchain.MainClientExec - Proxy auth state: UNCHALLENGED
12:54:45.056 [Forwarding findElement on session 7713c0bba11b6ffcf61452f47f2c8db2 to remote] DEBUG org.apache.http.headers - http-outgoing-29 >> POST /session/7713c0bba11b6ffcf61452f47f2c8db2/element HTTP/1.1
12:54:45.056 [Forwarding findElement on session 7713c0bba11b6ffcf61452f47f2c8db2 to remote] DEBUG org.apache.http.headers - http-outgoing-29 >> Content-Type: application/json; charset=utf-8
12:54:45.056 [Forwarding findElement on session 7713c0bba11b6ffcf61452f47f2c8db2 to remote] DEBUG org.apache.http.headers - http-outgoing-29 >> Content-Length: 58
12:54:45.056 [Forwarding findElement on session 7713c0bba11b6ffcf61452f47f2c8db2 to remote] DEBUG org.apache.http.headers - http-outgoing-29 >> Host: localhost:22258
12:54:45.056 [Forwarding findElement on session 7713c0bba11b6ffcf61452f47f2c8db2 to remote] DEBUG org.apache.http.headers - http-outgoing-29 >> Connection: Keep-Alive
12:54:45.056 [Forwarding findElement on session 7713c0bba11b6ffcf61452f47f2c8db2 to remote] DEBUG org.apache.http.headers - http-outgoing-29 >> User-Agent: Apache-HttpClient/4.5.3 (Java/1.8.0_211)
12:54:45.056 [Forwarding findElement on session 7713c0bba11b6ffcf61452f47f2c8db2 to remote] DEBUG org.apache.http.headers - http-outgoing-29 >> Accept-Encoding: gzip,deflate
12:54:45.056 [Forwarding findElement on session 7713c0bba11b6ffcf61452f47f2c8db2 to remote] DEBUG org.apache.http.wire - http-outgoing-29 >> "POST /session/7713c0bba11b6ffcf61452f47f2c8db2/element HTTP/1.1[\r][\n]"
12:54:45.056 [Forwarding findElement on session 7713c0bba11b6ffcf61452f47f2c8db2 to remote] DEBUG org.apache.http.wire - http-outgoing-29 >> "Content-Type: application/json; charset=utf-8[\r][\n]"
12:54:45.056 [Forwarding findElement on session 7713c0bba11b6ffcf61452f47f2c8db2 to remote] DEBUG org.apache.http.wire - http-outgoing-29 >> "Content-Length: 58[\r][\n]"
12:54:45.056 [Forwarding findElement on session 7713c0bba11b6ffcf61452f47f2c8db2 to remote] DEBUG org.apache.http.wire - http-outgoing-29 >> "Host: localhost:22258[\r][\n]"
12:54:45.056 [Forwarding findElement on session 7713c0bba11b6ffcf61452f47f2c8db2 to remote] DEBUG org.apache.http.wire - http-outgoing-29 >> "Connection: Keep-Alive[\r][\n]"
12:54:45.056 [Forwarding findElement on session 7713c0bba11b6ffcf61452f47f2c8db2 to remote] DEBUG org.apache.http.wire - http-outgoing-29 >> "User-Agent: Apache-HttpClient/4.5.3 (Java/1.8.0_211)[\r][\n]"
12:54:45.056 [Forwarding findElement on session 7713c0bba11b6ffcf61452f47f2c8db2 to remote] DEBUG org.apache.http.wire - http-outgoing-29 >> "Accept-Encoding: gzip,deflate[\r][\n]"
12:54:45.056 [Forwarding findElement on session 7713c0bba11b6ffcf61452f47f2c8db2 to remote] DEBUG org.apache.http.wire - http-outgoing-29 >> "[\r][\n]"
12:54:45.056 [Forwarding findElement on session 7713c0bba11b6ffcf61452f47f2c8db2 to remote] DEBUG org.apache.http.wire - http-outgoing-29 >> "{"value":".px-2:nth-child(3) span","using":"css selector"}"
12:54:45.061 [Forwarding findElement on session 7713c0bba11b6ffcf61452f47f2c8db2 to remote] DEBUG org.apache.http.wire - http-outgoing-29 << "HTTP/1.1 200 OK[\r][\n]"
12:54:45.061 [Forwarding findElement on session 7713c0bba11b6ffcf61452f47f2c8db2 to remote] DEBUG org.apache.http.wire - http-outgoing-29 << "Content-Length:88[\r][\n]"
12:54:45.061 [Forwarding findElement on session 7713c0bba11b6ffcf61452f47f2c8db2 to remote] DEBUG org.apache.http.wire - http-outgoing-29 << "Content-Type:application/json; charset=utf-8[\r][\n]"
12:54:45.061 [Forwarding findElement on session 7713c0bba11b6ffcf61452f47f2c8db2 to remote] DEBUG org.apache.http.wire - http-outgoing-29 << "cache-control:no-cache[\r][\n]"
12:54:45.061 [Forwarding findElement on session 7713c0bba11b6ffcf61452f47f2c8db2 to remote] DEBUG org.apache.http.wire - http-outgoing-29 << "[\r][\n]"
12:54:45.061 [Forwarding findElement on session 7713c0bba11b6ffcf61452f47f2c8db2 to remote] DEBUG org.apache.http.wire - http-outgoing-29 << "{"value":{"element-6066-11e4-a52e-4f735466cecf":"d8409bb7-ba29-4cd6-9b51-61078e817123"}}"
12:54:45.061 [Forwarding findElement on session 7713c0bba11b6ffcf61452f47f2c8db2 to remote] DEBUG org.apache.http.headers - http-outgoing-29 << HTTP/1.1 200 OK
12:54:45.061 [Forwarding findElement on session 7713c0bba11b6ffcf61452f47f2c8db2 to remote] DEBUG org.apache.http.headers - http-outgoing-29 << Content-Length:88
12:54:45.061 [Forwarding findElement on session 7713c0bba11b6ffcf61452f47f2c8db2 to remote] DEBUG org.apache.http.headers - http-outgoing-29 << Content-Type:application/json; charset=utf-8
12:54:45.061 [Forwarding findElement on session 7713c0bba11b6ffcf61452f47f2c8db2 to remote] DEBUG org.apache.http.headers - http-outgoing-29 << cache-control:no-cache
12:54:45.061 [Forwarding findElement on session 7713c0bba11b6ffcf61452f47f2c8db2 to remote] DEBUG org.apache.http.impl.execchain.MainClientExec - Connection can be kept alive indefinitely
12:54:45.061 [Forwarding findElement on session 7713c0bba11b6ffcf61452f47f2c8db2 to remote] DEBUG org.apache.http.impl.conn.PoolingHttpClientConnectionManager - Connection [id: 29][route: {}->http://localhost:22258] can be kept alive indefinitely
12:54:45.061 [Forwarding findElement on session 7713c0bba11b6ffcf61452f47f2c8db2 to remote] DEBUG org.apache.http.impl.conn.PoolingHttpClientConnectionManager - Connection released: [id: 29][route: {}->http://localhost:22258][total kept alive: 12; route allocated: 1 of 2000; total allocated: 12 of 2000]
12:54:45.062 [Forwarding clickElement on session 7713c0bba11b6ffcf61452f47f2c8db2 to remote] DEBUG org.apache.http.client.protocol.RequestAddCookies - CookieSpec selected: default
12:54:45.062 [Forwarding clickElement on session 7713c0bba11b6ffcf61452f47f2c8db2 to remote] DEBUG org.apache.http.client.protocol.RequestAuthCache - Auth cache not set in the context
12:54:45.062 [Forwarding clickElement on session 7713c0bba11b6ffcf61452f47f2c8db2 to remote] DEBUG org.apache.http.impl.conn.PoolingHttpClientConnectionManager - Connection request: [route: {}->http://localhost:22258][total kept alive: 12; route allocated: 1 of 2000; total allocated: 12 of 2000]
12:54:45.062 [Forwarding clickElement on session 7713c0bba11b6ffcf61452f47f2c8db2 to remote] DEBUG org.apache.http.impl.conn.PoolingHttpClientConnectionManager - Connection leased: [id: 29][route: {}->http://localhost:22258][total kept alive: 11; route allocated: 1 of 2000; total allocated: 12 of 2000]
12:54:45.062 [Forwarding clickElement on session 7713c0bba11b6ffcf61452f47f2c8db2 to remote] DEBUG org.apache.http.impl.execchain.MainClientExec - Stale connection check
12:54:45.063 [Forwarding clickElement on session 7713c0bba11b6ffcf61452f47f2c8db2 to remote] DEBUG org.apache.http.wire - http-outgoing-29 << "[read] I/O error: Read timed out"
12:54:45.063 [Forwarding clickElement on session 7713c0bba11b6ffcf61452f47f2c8db2 to remote] DEBUG org.apache.http.impl.conn.DefaultManagedHttpClientConnection - http-outgoing-29: set socket timeout to 10800000
12:54:45.063 [Forwarding clickElement on session 7713c0bba11b6ffcf61452f47f2c8db2 to remote] DEBUG org.apache.http.impl.execchain.MainClientExec - Executing request POST /session/7713c0bba11b6ffcf61452f47f2c8db2/element/d8409bb7-ba29-4cd6-9b51-61078e817123/click HTTP/1.1
12:54:45.063 [Forwarding clickElement on session 7713c0bba11b6ffcf61452f47f2c8db2 to remote] DEBUG org.apache.http.impl.execchain.MainClientExec - Target auth state: UNCHALLENGED
12:54:45.063 [Forwarding clickElement on session 7713c0bba11b6ffcf61452f47f2c8db2 to remote] DEBUG org.apache.http.impl.execchain.MainClientExec - Proxy auth state: UNCHALLENGED
12:54:45.063 [Forwarding clickElement on session 7713c0bba11b6ffcf61452f47f2c8db2 to remote] DEBUG org.apache.http.headers - http-outgoing-29 >> POST /session/7713c0bba11b6ffcf61452f47f2c8db2/element/d8409bb7-ba29-4cd6-9b51-61078e817123/click HTTP/1.1
12:54:45.063 [Forwarding clickElement on session 7713c0bba11b6ffcf61452f47f2c8db2 to remote] DEBUG org.apache.http.headers - http-outgoing-29 >> Content-Type: application/json; charset=utf-8
12:54:45.063 [Forwarding clickElement on session 7713c0bba11b6ffcf61452f47f2c8db2 to remote] DEBUG org.apache.http.headers - http-outgoing-29 >> Content-Length: 45
12:54:45.063 [Forwarding clickElement on session 7713c0bba11b6ffcf61452f47f2c8db2 to remote] DEBUG org.apache.http.headers - http-outgoing-29 >> Host: localhost:22258
12:54:45.063 [Forwarding clickElement on session 7713c0bba11b6ffcf61452f47f2c8db2 to remote] DEBUG org.apache.http.headers - http-outgoing-29 >> Connection: Keep-Alive
12:54:45.063 [Forwarding clickElement on session 7713c0bba11b6ffcf61452f47f2c8db2 to remote] DEBUG org.apache.http.headers - http-outgoing-29 >> User-Agent: Apache-HttpClient/4.5.3 (Java/1.8.0_211)
12:54:45.063 [Forwarding clickElement on session 7713c0bba11b6ffcf61452f47f2c8db2 to remote] DEBUG org.apache.http.headers - http-outgoing-29 >> Accept-Encoding: gzip,deflate
12:54:45.063 [Forwarding clickElement on session 7713c0bba11b6ffcf61452f47f2c8db2 to remote] DEBUG org.apache.http.wire - http-outgoing-29 >> "POST /session/7713c0bba11b6ffcf61452f47f2c8db2/element/d8409bb7-ba29-4cd6-9b51-61078e817123/click HTTP/1.1[\r][\n]"
12:54:45.063 [Forwarding clickElement on session 7713c0bba11b6ffcf61452f47f2c8db2 to remote] DEBUG org.apache.http.wire - http-outgoing-29 >> "Content-Type: application/json; charset=utf-8[\r][\n]"
12:54:45.063 [Forwarding clickElement on session 7713c0bba11b6ffcf61452f47f2c8db2 to remote] DEBUG org.apache.http.wire - http-outgoing-29 >> "Content-Length: 45[\r][\n]"
12:54:45.063 [Forwarding clickElement on session 7713c0bba11b6ffcf61452f47f2c8db2 to remote] DEBUG org.apache.http.wire - http-outgoing-29 >> "Host: localhost:22258[\r][\n]"
12:54:45.063 [Forwarding clickElement on session 7713c0bba11b6ffcf61452f47f2c8db2 to remote] DEBUG org.apache.http.wire - http-outgoing-29 >> "Connection: Keep-Alive[\r][\n]"
12:54:45.063 [Forwarding clickElement on session 7713c0bba11b6ffcf61452f47f2c8db2 to remote] DEBUG org.apache.http.wire - http-outgoing-29 >> "User-Agent: Apache-HttpClient/4.5.3 (Java/1.8.0_211)[\r][\n]"
12:54:45.063 [Forwarding clickElement on session 7713c0bba11b6ffcf61452f47f2c8db2 to remote] DEBUG org.apache.http.wire - http-outgoing-29 >> "Accept-Encoding: gzip,deflate[\r][\n]"
12:54:45.063 [Forwarding clickElement on session 7713c0bba11b6ffcf61452f47f2c8db2 to remote] DEBUG org.apache.http.wire - http-outgoing-29 >> "[\r][\n]"
12:54:45.063 [Forwarding clickElement on session 7713c0bba11b6ffcf61452f47f2c8db2 to remote] DEBUG org.apache.http.wire - http-outgoing-29 >> "{"id":"d8409bb7-ba29-4cd6-9b51-61078e817123"}"
12:54:45.106 [Forwarding clickElement on session 7713c0bba11b6ffcf61452f47f2c8db2 to remote] DEBUG org.apache.http.wire - http-outgoing-29 << "HTTP/1.1 200 OK[\r][\n]"
12:54:45.106 [Forwarding clickElement on session 7713c0bba11b6ffcf61452f47f2c8db2 to remote] DEBUG org.apache.http.wire - http-outgoing-29 << "Content-Length:14[\r][\n]"
12:54:45.106 [Forwarding clickElement on session 7713c0bba11b6ffcf61452f47f2c8db2 to remote] DEBUG org.apache.http.wire - http-outgoing-29 << "Content-Type:application/json; charset=utf-8[\r][\n]"
12:54:45.106 [Forwarding clickElement on session 7713c0bba11b6ffcf61452f47f2c8db2 to remote] DEBUG org.apache.http.wire - http-outgoing-29 << "cache-control:no-cache[\r][\n]"
12:54:45.106 [Forwarding clickElement on session 7713c0bba11b6ffcf61452f47f2c8db2 to remote] DEBUG org.apache.http.wire - http-outgoing-29 << "[\r][\n]"
12:54:45.106 [Forwarding clickElement on session 7713c0bba11b6ffcf61452f47f2c8db2 to remote] DEBUG org.apache.http.wire - http-outgoing-29 << "{"value":null}"
12:54:45.106 [Forwarding clickElement on session 7713c0bba11b6ffcf61452f47f2c8db2 to remote] DEBUG org.apache.http.headers - http-outgoing-29 << HTTP/1.1 200 OK
12:54:45.106 [Forwarding clickElement on session 7713c0bba11b6ffcf61452f47f2c8db2 to remote] DEBUG org.apache.http.headers - http-outgoing-29 << Content-Length:14
12:54:45.106 [Forwarding clickElement on session 7713c0bba11b6ffcf61452f47f2c8db2 to remote] DEBUG org.apache.http.headers - http-outgoing-29 << Content-Type:application/json; charset=utf-8
12:54:45.106 [Forwarding clickElement on session 7713c0bba11b6ffcf61452f47f2c8db2 to remote] DEBUG org.apache.http.headers - http-outgoing-29 << cache-control:no-cache
12:54:45.106 [Forwarding clickElement on session 7713c0bba11b6ffcf61452f47f2c8db2 to remote] DEBUG org.apache.http.impl.execchain.MainClientExec - Connection can be kept alive indefinitely
12:54:45.106 [Forwarding clickElement on session 7713c0bba11b6ffcf61452f47f2c8db2 to remote] DEBUG org.apache.http.impl.conn.PoolingHttpClientConnectionManager - Connection [id: 29][route: {}->http://localhost:22258] can be kept alive indefinitely
12:54:45.106 [Forwarding clickElement on session 7713c0bba11b6ffcf61452f47f2c8db2 to remote] DEBUG org.apache.http.impl.conn.PoolingHttpClientConnectionManager - Connection released: [id: 29][route: {}->http://localhost:22258][total kept alive: 12; route allocated: 1 of 2000; total allocated: 12 of 2000]
12:54:45.107 [Forwarding findElement on session 7713c0bba11b6ffcf61452f47f2c8db2 to remote] DEBUG org.apache.http.client.protocol.RequestAddCookies - CookieSpec selected: default
12:54:45.107 [Forwarding findElement on session 7713c0bba11b6ffcf61452f47f2c8db2 to remote] DEBUG org.apache.http.client.protocol.RequestAuthCache - Auth cache not set in the context
12:54:45.107 [Forwarding findElement on session 7713c0bba11b6ffcf61452f47f2c8db2 to remote] DEBUG org.apache.http.impl.conn.PoolingHttpClientConnectionManager - Connection request: [route: {}->http://localhost:22258][total kept alive: 12; route allocated: 1 of 2000; total allocated: 12 of 2000]
12:54:45.107 [Forwarding findElement on session 7713c0bba11b6ffcf61452f47f2c8db2 to remote] DEBUG org.apache.http.impl.conn.PoolingHttpClientConnectionManager - Connection leased: [id: 29][route: {}->http://localhost:22258][total kept alive: 11; route allocated: 1 of 2000; total allocated: 12 of 2000]
12:54:45.107 [Forwarding findElement on session 7713c0bba11b6ffcf61452f47f2c8db2 to remote] DEBUG org.apache.http.impl.execchain.MainClientExec - Stale connection check
12:54:45.108 [Forwarding findElement on session 7713c0bba11b6ffcf61452f47f2c8db2 to remote] DEBUG org.apache.http.wire - http-outgoing-29 << "[read] I/O error: Read timed out"
12:54:45.108 [Forwarding findElement on session 7713c0bba11b6ffcf61452f47f2c8db2 to remote] DEBUG org.apache.http.impl.conn.DefaultManagedHttpClientConnection - http-outgoing-29: set socket timeout to 10800000
12:54:45.108 [Forwarding findElement on session 7713c0bba11b6ffcf61452f47f2c8db2 to remote] DEBUG org.apache.http.impl.execchain.MainClientExec - Executing request POST /session/7713c0bba11b6ffcf61452f47f2c8db2/element HTTP/1.1
12:54:45.108 [Forwarding findElement on session 7713c0bba11b6ffcf61452f47f2c8db2 to remote] DEBUG org.apache.http.impl.execchain.MainClientExec - Target auth state: UNCHALLENGED
12:54:45.108 [Forwarding findElement on session 7713c0bba11b6ffcf61452f47f2c8db2 to remote] DEBUG org.apache.http.impl.execchain.MainClientExec - Proxy auth state: UNCHALLENGED
12:54:45.108 [Forwarding findElement on session 7713c0bba11b6ffcf61452f47f2c8db2 to remote] DEBUG org.apache.http.headers - http-outgoing-29 >> POST /session/7713c0bba11b6ffcf61452f47f2c8db2/element HTTP/1.1
12:54:45.108 [Forwarding findElement on session 7713c0bba11b6ffcf61452f47f2c8db2 to remote] DEBUG org.apache.http.headers - http-outgoing-29 >> Content-Type: application/json; charset=utf-8
12:54:45.108 [Forwarding findElement on session 7713c0bba11b6ffcf61452f47f2c8db2 to remote] DEBUG org.apache.http.headers - http-outgoing-29 >> Content-Length: 61
12:54:45.108 [Forwarding findElement on session 7713c0bba11b6ffcf61452f47f2c8db2 to remote] DEBUG org.apache.http.headers - http-outgoing-29 >> Host: localhost:22258
12:54:45.108 [Forwarding findElement on session 7713c0bba11b6ffcf61452f47f2c8db2 to remote] DEBUG org.apache.http.headers - http-outgoing-29 >> Connection: Keep-Alive
12:54:45.108 [Forwarding findElement on session 7713c0bba11b6ffcf61452f47f2c8db2 to remote] DEBUG org.apache.http.headers - http-outgoing-29 >> User-Agent: Apache-HttpClient/4.5.3 (Java/1.8.0_211)
12:54:45.108 [Forwarding findElement on session 7713c0bba11b6ffcf61452f47f2c8db2 to remote] DEBUG org.apache.http.headers - http-outgoing-29 >> Accept-Encoding: gzip,deflate
12:54:45.108 [Forwarding findElement on session 7713c0bba11b6ffcf61452f47f2c8db2 to remote] DEBUG org.apache.http.wire - http-outgoing-29 >> "POST /session/7713c0bba11b6ffcf61452f47f2c8db2/element HTTP/1.1[\r][\n]"
12:54:45.108 [Forwarding findElement on session 7713c0bba11b6ffcf61452f47f2c8db2 to remote] DEBUG org.apache.http.wire - http-outgoing-29 >> "Content-Type: application/json; charset=utf-8[\r][\n]"
12:54:45.108 [Forwarding findElement on session 7713c0bba11b6ffcf61452f47f2c8db2 to remote] DEBUG org.apache.http.wire - http-outgoing-29 >> "Content-Length: 61[\r][\n]"
12:54:45.108 [Forwarding findElement on session 7713c0bba11b6ffcf61452f47f2c8db2 to remote] DEBUG org.apache.http.wire - http-outgoing-29 >> "Host: localhost:22258[\r][\n]"
12:54:45.108 [Forwarding findElement on session 7713c0bba11b6ffcf61452f47f2c8db2 to remote] DEBUG org.apache.http.wire - http-outgoing-29 >> "Connection: Keep-Alive[\r][\n]"
12:54:45.108 [Forwarding findElement on session 7713c0bba11b6ffcf61452f47f2c8db2 to remote] DEBUG org.apache.http.wire - http-outgoing-29 >> "User-Agent: Apache-HttpClient/4.5.3 (Java/1.8.0_211)[\r][\n]"
12:54:45.108 [Forwarding findElement on session 7713c0bba11b6ffcf61452f47f2c8db2 to remote] DEBUG org.apache.http.wire - http-outgoing-29 >> "Accept-Encoding: gzip,deflate[\r][\n]"
12:54:45.108 [Forwarding findElement on session 7713c0bba11b6ffcf61452f47f2c8db2 to remote] DEBUG org.apache.http.wire - http-outgoing-29 >> "[\r][\n]"
12:54:45.108 [Forwarding findElement on session 7713c0bba11b6ffcf61452f47f2c8db2 to remote] DEBUG org.apache.http.wire - http-outgoing-29 >> "{"value":".form-control:nth-child(2)","using":"css selector"}"
12:54:45.114 [Forwarding findElement on session 7713c0bba11b6ffcf61452f47f2c8db2 to remote] DEBUG org.apache.http.wire - http-outgoing-29 << "HTTP/1.1 200 OK[\r][\n]"
12:54:45.114 [Forwarding findElement on session 7713c0bba11b6ffcf61452f47f2c8db2 to remote] DEBUG org.apache.http.wire - http-outgoing-29 << "Content-Length:88[\r][\n]"
12:54:45.114 [Forwarding findElement on session 7713c0bba11b6ffcf61452f47f2c8db2 to remote] DEBUG org.apache.http.wire - http-outgoing-29 << "Content-Type:application/json; charset=utf-8[\r][\n]"
12:54:45.114 [Forwarding findElement on session 7713c0bba11b6ffcf61452f47f2c8db2 to remote] DEBUG org.apache.http.wire - http-outgoing-29 << "cache-control:no-cache[\r][\n]"
12:54:45.114 [Forwarding findElement on session 7713c0bba11b6ffcf61452f47f2c8db2 to remote] DEBUG org.apache.http.wire - http-outgoing-29 << "[\r][\n]"
12:54:45.114 [Forwarding findElement on session 7713c0bba11b6ffcf61452f47f2c8db2 to remote] DEBUG org.apache.http.wire - http-outgoing-29 << "{"value":{"element-6066-11e4-a52e-4f735466cecf":"088a0300-8cea-433e-b4dc-40aa6b40885c"}}"
12:54:45.114 [Forwarding findElement on session 7713c0bba11b6ffcf61452f47f2c8db2 to remote] DEBUG org.apache.http.headers - http-outgoing-29 << HTTP/1.1 200 OK
12:54:45.114 [Forwarding findElement on session 7713c0bba11b6ffcf61452f47f2c8db2 to remote] DEBUG org.apache.http.headers - http-outgoing-29 << Content-Length:88
12:54:45.114 [Forwarding findElement on session 7713c0bba11b6ffcf61452f47f2c8db2 to remote] DEBUG org.apache.http.headers - http-outgoing-29 << Content-Type:application/json; charset=utf-8
12:54:45.114 [Forwarding findElement on session 7713c0bba11b6ffcf61452f47f2c8db2 to remote] DEBUG org.apache.http.headers - http-outgoing-29 << cache-control:no-cache
12:54:45.114 [Forwarding findElement on session 7713c0bba11b6ffcf61452f47f2c8db2 to remote] DEBUG org.apache.http.impl.execchain.MainClientExec - Connection can be kept alive indefinitely
12:54:45.114 [Forwarding findElement on session 7713c0bba11b6ffcf61452f47f2c8db2 to remote] DEBUG org.apache.http.impl.conn.PoolingHttpClientConnectionManager - Connection [id: 29][route: {}->http://localhost:22258] can be kept alive indefinitely
12:54:45.114 [Forwarding findElement on session 7713c0bba11b6ffcf61452f47f2c8db2 to remote] DEBUG org.apache.http.impl.conn.PoolingHttpClientConnectionManager - Connection released: [id: 29][route: {}->http://localhost:22258][total kept alive: 12; route allocated: 1 of 2000; total allocated: 12 of 2000]
12:54:45.114 [Forwarding clickElement on session 7713c0bba11b6ffcf61452f47f2c8db2 to remote] DEBUG org.apache.http.client.protocol.RequestAddCookies - CookieSpec selected: default
[...]
12:54:48.265 [Forwarding findElement on session 7713c0bba11b6ffcf61452f47f2c8db2 to remote] DEBUG org.apache.http.impl.execchain.MainClientExec - Connection can be kept alive indefinitely
12:54:48.265 [Forwarding findElement on session 7713c0bba11b6ffcf61452f47f2c8db2 to remote] DEBUG org.apache.http.impl.conn.PoolingHttpClientConnectionManager - Connection [id: 29][route: {}->http://localhost:22258] can be kept alive indefinitely
12:54:48.265 [Forwarding findElement on session 7713c0bba11b6ffcf61452f47f2c8db2 to remote] DEBUG org.apache.http.impl.conn.PoolingHttpClientConnectionManager - Connection released: [id: 29][route: {}->http://localhost:22258][total kept alive: 12; route allocated: 1 of 2000; total allocated: 12 of 2000]
12:54:48.266 [Forwarding sendKeysToElement on session 7713c0bba11b6ffcf61452f47f2c8db2 to remote] DEBUG org.apache.http.client.protocol.RequestAddCookies - CookieSpec selected: default
12:54:48.266 [Forwarding sendKeysToElement on session 7713c0bba11b6ffcf61452f47f2c8db2 to remote] DEBUG org.apache.http.client.protocol.RequestAuthCache - Auth cache not set in the context
12:54:48.266 [Forwarding sendKeysToElement on session 7713c0bba11b6ffcf61452f47f2c8db2 to remote] DEBUG org.apache.http.impl.conn.PoolingHttpClientConnectionManager - Connection request: [route: {}->http://localhost:22258][total kept alive: 12; route allocated: 1 of 2000; total allocated: 12 of 2000]
12:54:48.266 [Forwarding sendKeysToElement on session 7713c0bba11b6ffcf61452f47f2c8db2 to remote] DEBUG org.apache.http.impl.conn.PoolingHttpClientConnectionManager - Connection leased: [id: 29][route: {}->http://localhost:22258][total kept alive: 11; route allocated: 1 of 2000; total allocated: 12 of 2000]
12:54:48.266 [Forwarding sendKeysToElement on session 7713c0bba11b6ffcf61452f47f2c8db2 to remote] DEBUG org.apache.http.impl.execchain.MainClientExec - Stale connection check
12:54:48.267 [Forwarding sendKeysToElement on session 7713c0bba11b6ffcf61452f47f2c8db2 to remote] DEBUG org.apache.http.wire - http-outgoing-29 << "[read] I/O error: Read timed out"
12:54:48.267 [Forwarding sendKeysToElement on session 7713c0bba11b6ffcf61452f47f2c8db2 to remote] DEBUG org.apache.http.impl.conn.DefaultManagedHttpClientConnection - http-outgoing-29: set socket timeout to 10800000
12:54:48.267 [Forwarding sendKeysToElement on session 7713c0bba11b6ffcf61452f47f2c8db2 to remote] DEBUG org.apache.http.impl.execchain.MainClientExec - Executing request POST /session/7713c0bba11b6ffcf61452f47f2c8db2/element/40195d16-eb4d-47af-aeea-75d9edb60ed5/value HTTP/1.1
12:54:48.267 [Forwarding sendKeysToElement on session 7713c0bba11b6ffcf61452f47f2c8db2 to remote] DEBUG org.apache.http.impl.execchain.MainClientExec - Target auth state: UNCHALLENGED
12:54:48.267 [Forwarding sendKeysToElement on session 7713c0bba11b6ffcf61452f47f2c8db2 to remote] DEBUG org.apache.http.impl.execchain.MainClientExec - Proxy auth state: UNCHALLENGED
12:54:48.267 [Forwarding sendKeysToElement on session 7713c0bba11b6ffcf61452f47f2c8db2 to remote] DEBUG org.apache.http.headers - http-outgoing-29 >> POST /session/7713c0bba11b6ffcf61452f47f2c8db2/element/40195d16-eb4d-47af-aeea-75d9edb60ed5/value HTTP/1.1
12:54:48.267 [Forwarding sendKeysToElement on session 7713c0bba11b6ffcf61452f47f2c8db2 to remote] DEBUG org.apache.http.headers - http-outgoing-29 >> Content-Type: application/json; charset=utf-8
12:54:48.267 [Forwarding sendKeysToElement on session 7713c0bba11b6ffcf61452f47f2c8db2 to remote] DEBUG org.apache.http.headers - http-outgoing-29 >> Content-Length: 235
12:54:48.267 [Forwarding sendKeysToElement on session 7713c0bba11b6ffcf61452f47f2c8db2 to remote] DEBUG org.apache.http.headers - http-outgoing-29 >> Host: localhost:22258
12:54:48.267 [Forwarding sendKeysToElement on session 7713c0bba11b6ffcf61452f47f2c8db2 to remote] DEBUG org.apache.http.headers - http-outgoing-29 >> Connection: Keep-Alive
12:54:48.267 [Forwarding sendKeysToElement on session 7713c0bba11b6ffcf61452f47f2c8db2 to remote] DEBUG org.apache.http.headers - http-outgoing-29 >> User-Agent: Apache-HttpClient/4.5.3 (Java/1.8.0_211)
12:54:48.267 [Forwarding sendKeysToElement on session 7713c0bba11b6ffcf61452f47f2c8db2 to remote] DEBUG org.apache.http.headers - http-outgoing-29 >> Accept-Encoding: gzip,deflate
12:54:48.267 [Forwarding sendKeysToElement on session 7713c0bba11b6ffcf61452f47f2c8db2 to remote] DEBUG org.apache.http.wire - http-outgoing-29 >> "POST /session/7713c0bba11b6ffcf61452f47f2c8db2/element/40195d16-eb4d-47af-aeea-75d9edb60ed5/value HTTP/1.1[\r][\n]"
12:54:48.267 [Forwarding sendKeysToElement on session 7713c0bba11b6ffcf61452f47f2c8db2 to remote] DEBUG org.apache.http.wire - http-outgoing-29 >> "Content-Type: application/json; charset=utf-8[\r][\n]"
12:54:48.267 [Forwarding sendKeysToElement on session 7713c0bba11b6ffcf61452f47f2c8db2 to remote] DEBUG org.apache.http.wire - http-outgoing-29 >> "Content-Length: 235[\r][\n]"
12:54:48.267 [Forwarding sendKeysToElement on session 7713c0bba11b6ffcf61452f47f2c8db2 to remote] DEBUG org.apache.http.wire - http-outgoing-29 >> "Host: localhost:22258[\r][\n]"
12:54:48.267 [Forwarding sendKeysToElement on session 7713c0bba11b6ffcf61452f47f2c8db2 to remote] DEBUG org.apache.http.wire - http-outgoing-29 >> "Connection: Keep-Alive[\r][\n]"
12:54:48.267 [Forwarding sendKeysToElement on session 7713c0bba11b6ffcf61452f47f2c8db2 to remote] DEBUG org.apache.http.wire - http-outgoing-29 >> "User-Agent: Apache-HttpClient/4.5.3 (Java/1.8.0_211)[\r][\n]"
12:54:48.267 [Forwarding sendKeysToElement on session 7713c0bba11b6ffcf61452f47f2c8db2 to remote] DEBUG org.apache.http.wire - http-outgoing-29 >> "Accept-Encoding: gzip,deflate[\r][\n]"
12:54:48.267 [Forwarding sendKeysToElement on session 7713c0bba11b6ffcf61452f47f2c8db2 to remote] DEBUG org.apache.http.wire - http-outgoing-29 >> "[\r][\n]"
12:54:48.267 [Forwarding sendKeysToElement on session 7713c0bba11b6ffcf61452f47f2c8db2 to remote] DEBUG org.apache.http.wire - http-outgoing-29 >> "{"id":"40195d16-eb4d-47af-aeea-75d9edb60ed5","text":"TYvBUrZp7QboQzKhFVMYYkD4jDYsU33aQh","value":["T","Y","v","B","U","r","Z","p","7","Q","b","o","Q","z","K","h","F","V","M","Y","Y","k","D","4","j","D","Y","s","U","3","3","a","Q","h"]}"
12:54:48.482 [Forwarding sendKeysToElement on session 7713c0bba11b6ffcf61452f47f2c8db2 to remote] DEBUG org.apache.http.wire - http-outgoing-29 << "HTTP/1.1 200 OK[\r][\n]"
12:54:48.482 [Forwarding sendKeysToElement on session 7713c0bba11b6ffcf61452f47f2c8db2 to remote] DEBUG org.apache.http.wire - http-outgoing-29 << "Content-Length:14[\r][\n]"
12:54:48.482 [Forwarding sendKeysToElement on session 7713c0bba11b6ffcf61452f47f2c8db2 to remote] DEBUG org.apache.http.wire - http-outgoing-29 << "Content-Type:application/json; charset=utf-8[\r][\n]"
12:54:48.482 [Forwarding sendKeysToElement on session 7713c0bba11b6ffcf61452f47f2c8db2 to remote] DEBUG org.apache.http.wire - http-outgoing-29 << "cache-control:no-cache[\r][\n]"
12:54:48.482 [Forwarding sendKeysToElement on session 7713c0bba11b6ffcf61452f47f2c8db2 to remote] DEBUG org.apache.http.wire - http-outgoing-29 << "[\r][\n]"
12:54:48.482 [Forwarding sendKeysToElement on session 7713c0bba11b6ffcf61452f47f2c8db2 to remote] DEBUG org.apache.http.wire - http-outgoing-29 << "{"value":null}"
12:54:48.482 [Forwarding sendKeysToElement on session 7713c0bba11b6ffcf61452f47f2c8db2 to remote] DEBUG org.apache.http.headers - http-outgoing-29 << HTTP/1.1 200 OK
12:54:48.482 [Forwarding sendKeysToElement on session 7713c0bba11b6ffcf61452f47f2c8db2 to remote] DEBUG org.apache.http.headers - http-outgoing-29 << Content-Length:14
12:54:48.482 [Forwarding sendKeysToElement on session 7713c0bba11b6ffcf61452f47f2c8db2 to remote] DEBUG org.apache.http.headers - http-outgoing-29 << Content-Type:application/json; charset=utf-8
12:54:48.482 [Forwarding sendKeysToElement on session 7713c0bba11b6ffcf61452f47f2c8db2 to remote] DEBUG org.apache.http.headers - http-outgoing-29 << cache-control:no-cache
12:54:48.482 [Forwarding sendKeysToElement on session 7713c0bba11b6ffcf61452f47f2c8db2 to remote] DEBUG org.apache.http.impl.execchain.MainClientExec - Connection can be kept alive indefinitely
12:54:48.482 [Forwarding sendKeysToElement on session 7713c0bba11b6ffcf61452f47f2c8db2 to remote] DEBUG org.apache.http.impl.conn.PoolingHttpClientConnectionManager - Connection [id: 29][route: {}->http://localhost:22258] can be kept alive indefinitely
12:54:48.482 [Forwarding sendKeysToElement on session 7713c0bba11b6ffcf61452f47f2c8db2 to remote] DEBUG org.apache.http.impl.conn.PoolingHttpClientConnectionManager - Connection released: [id: 29][route: {}->http://localhost:22258][total kept alive: 12; route allocated: 1 of 2000; total allocated: 12 of 2000]
12:54:48.482 [Forwarding findElement on session 7713c0bba11b6ffcf61452f47f2c8db2 to remote] DEBUG org.apache.http.client.protocol.RequestAddCookies - CookieSpec selected: default
12:54:48.482 [Forwarding findElement on session 7713c0bba11b6ffcf61452f47f2c8db2 to remote] DEBUG org.apache.http.client.protocol.RequestAuthCache - Auth cache not set in the context
12:54:48.482 [Forwarding findElement on session 7713c0bba11b6ffcf61452f47f2c8db2 to remote] DEBUG org.apache.http.impl.conn.PoolingHttpClientConnectionManager - Connection request: [route: {}->http://localhost:22258][total kept alive: 12; route allocated: 1 of 2000; total allocated: 12 of 2000]
12:54:48.482 [Forwarding findElement on session 7713c0bba11b6ffcf61452f47f2c8db2 to remote] DEBUG org.apache.http.impl.conn.PoolingHttpClientConnectionManager - Connection leased: [id: 29][route: {}->http://localhost:22258][total kept alive: 11; route allocated: 1 of 2000; total allocated: 12 of 2000]
12:54:48.482 [Forwarding findElement on session 7713c0bba11b6ffcf61452f47f2c8db2 to remote] DEBUG org.apache.http.impl.execchain.MainClientExec - Stale connection check
12:54:48.484 [Forwarding findElement on session 7713c0bba11b6ffcf61452f47f2c8db2 to remote] DEBUG org.apache.http.wire - http-outgoing-29 << "[read] I/O error: Read timed out"
12:54:48.484 [Forwarding findElement on session 7713c0bba11b6ffcf61452f47f2c8db2 to remote] DEBUG org.apache.http.impl.conn.DefaultManagedHttpClientConnection - http-outgoing-29: set socket timeout to 10800000
12:54:48.484 [Forwarding findElement on session 7713c0bba11b6ffcf61452f47f2c8db2 to remote] DEBUG org.apache.http.impl.execchain.MainClientExec - Executing request POST /session/7713c0bba11b6ffcf61452f47f2c8db2/element HTTP/1.1
12:54:48.484 [Forwarding findElement on session 7713c0bba11b6ffcf61452f47f2c8db2 to remote] DEBUG org.apache.http.impl.execchain.MainClientExec - Target auth state: UNCHALLENGED
12:54:48.484 [Forwarding findElement on session 7713c0bba11b6ffcf61452f47f2c8db2 to remote] DEBUG org.apache.http.impl.execchain.MainClientExec - Proxy auth state: UNCHALLENGED
12:54:48.484 [Forwarding findElement on session 7713c0bba11b6ffcf61452f47f2c8db2 to remote] DEBUG org.apache.http.headers - http-outgoing-29 >> POST /session/7713c0bba11b6ffcf61452f47f2c8db2/element HTTP/1.1
12:54:48.484 [Forwarding findElement on session 7713c0bba11b6ffcf61452f47f2c8db2 to remote] DEBUG org.apache.http.headers - http-outgoing-29 >> Content-Type: application/json; charset=utf-8
12:54:48.484 [Forwarding findElement on session 7713c0bba11b6ffcf61452f47f2c8db2 to remote] DEBUG org.apache.http.headers - http-outgoing-29 >> Content-Length: 55
12:54:48.484 [Forwarding findElement on session 7713c0bba11b6ffcf61452f47f2c8db2 to remote] DEBUG org.apache.http.headers - http-outgoing-29 >> Host: localhost:22258
12:54:48.484 [Forwarding findElement on session 7713c0bba11b6ffcf61452f47f2c8db2 to remote] DEBUG org.apache.http.headers - http-outgoing-29 >> Connection: Keep-Alive
12:54:48.484 [Forwarding findElement on session 7713c0bba11b6ffcf61452f47f2c8db2 to remote] DEBUG org.apache.http.headers - http-outgoing-29 >> User-Agent: Apache-HttpClient/4.5.3 (Java/1.8.0_211)
12:54:48.484 [Forwarding findElement on session 7713c0bba11b6ffcf61452f47f2c8db2 to remote] DEBUG org.apache.http.headers - http-outgoing-29 >> Accept-Encoding: gzip,deflate
12:54:48.484 [Forwarding findElement on session 7713c0bba11b6ffcf61452f47f2c8db2 to remote] DEBUG org.apache.http.wire - http-outgoing-29 >> "POST /session/7713c0bba11b6ffcf61452f47f2c8db2/element HTTP/1.1[\r][\n]"
12:54:48.484 [Forwarding findElement on session 7713c0bba11b6ffcf61452f47f2c8db2 to remote] DEBUG org.apache.http.wire - http-outgoing-29 >> "Content-Type: application/json; charset=utf-8[\r][\n]"
12:54:48.484 [Forwarding findElement on session 7713c0bba11b6ffcf61452f47f2c8db2 to remote] DEBUG org.apache.http.wire - http-outgoing-29 >> "Content-Length: 55[\r][\n]"
12:54:48.484 [Forwarding findElement on session 7713c0bba11b6ffcf61452f47f2c8db2 to remote] DEBUG org.apache.http.wire - http-outgoing-29 >> "Host: localhost:22258[\r][\n]"
12:54:48.484 [Forwarding findElement on session 7713c0bba11b6ffcf61452f47f2c8db2 to remote] DEBUG org.apache.http.wire - http-outgoing-29 >> "Connection: Keep-Alive[\r][\n]"
12:54:48.484 [Forwarding findElement on session 7713c0bba11b6ffcf61452f47f2c8db2 to remote] DEBUG org.apache.http.wire - http-outgoing-29 >> "User-Agent: Apache-HttpClient/4.5.3 (Java/1.8.0_211)[\r][\n]"
12:54:48.484 [Forwarding findElement on session 7713c0bba11b6ffcf61452f47f2c8db2 to remote] DEBUG org.apache.http.wire - http-outgoing-29 >> "Accept-Encoding: gzip,deflate[\r][\n]"
12:54:48.484 [Forwarding findElement on session 7713c0bba11b6ffcf61452f47f2c8db2 to remote] DEBUG org.apache.http.wire - http-outgoing-29 >> "[\r][\n]"
12:54:48.484 [Forwarding findElement on session 7713c0bba11b6ffcf61452f47f2c8db2 to remote] DEBUG org.apache.http.wire - http-outgoing-29 >> "{"value":".ant-select-open svg","using":"css selector"}"
12:54:58.504 [Forwarding findElement on session 7713c0bba11b6ffcf61452f47f2c8db2 to remote] DEBUG org.apache.http.wire - http-outgoing-29 << "HTTP/1.1 404 Not Found[\r][\n]"
12:54:58.504 [Forwarding findElement on session 7713c0bba11b6ffcf61452f47f2c8db2 to remote] DEBUG org.apache.http.wire - http-outgoing-29 << "Content-Length:1861[\r][\n]"
12:54:58.504 [Forwarding findElement on session 7713c0bba11b6ffcf61452f47f2c8db2 to remote] DEBUG org.apache.http.wire - http-outgoing-29 << "Content-Type:application/json; charset=utf-8[\r][\n]"
12:54:58.504 [Forwarding findElement on session 7713c0bba11b6ffcf61452f47f2c8db2 to remote] DEBUG org.apache.http.wire - http-outgoing-29 << "cache-control:no-cache[\r][\n]"
12:54:58.504 [Forwarding findElement on session 7713c0bba11b6ffcf61452f47f2c8db2 to remote] DEBUG org.apache.http.wire - http-outgoing-29 << "[\r][\n]"
12:54:58.504 [Forwarding findElement on session 7713c0bba11b6ffcf61452f47f2c8db2 to remote] DEBUG org.apache.http.wire - http-outgoing-29 << "{"value":{"error":"no such element","message":"no such element: Unable to locate element: {\"method\":\"css selector\",\"selector\":\".ant-select-open svg\"}\n  (Session info: chrome=80.0.3987.149)","stacktrace":"0   chromedriver                        0x0000000108e05329 chromedriver + 3838761\n1   chromedriver                        0x0000000108d9f123 chromedriver + 3420451\n2   chromedriver                        0x0000000108b1362f chromedriver + 751151\n3   chromedriver                        0x0000000108a81081 chromedriver + 151681\n4   chromedriver                        0x0000000108aac297 chromedriver + 328343\n5   chromedriver                        0x0000000108a9d4ed chromedriver + 267501\n6   chromedriver                        0x0000000108aaa38b chromedriver + 320395\n7   chromedriver                        0x0000000108a9d7b3 chromedriver + 268211\n8   chromedriver                        0x0000000108a770bd chromedriver + 110781\n9   chromedriver                        0x0000000108a78055 chromedriver + 114773\n10  chromedriver                        0x0000000108dc6ebf chromedriver + 3583679\n11  chromedriver                        0x0000000108dd3e4a chromedriver + 3636810\n12  chromedriver                        0x0000000108dd3be7 chromedriver + 3636199\n13  chromedriver                        0x0000000108daa839 chromedriver + 3467321\n14  chromedriver                        0x0000000108dd4707 chromedriver + 3639047\n15  chromedriver                        0x0000000108dbccc7 chromedriver + 3542215\n16  chromedriver                        0x0000000108dea324 chromedriver + 3728164\n17  chromedriver                        0x0000000108e0b387 chromedriver + 3863431\n18  libsystem_pthread.dylib             0x00007fff6e23ee65 _pthread_start + 148\n19  libsystem_pthread.dylib             0x00007fff6e23a83b thread_start + 15\n"}}"
12:54:58.504 [Forwarding findElement on session 7713c0bba11b6ffcf61452f47f2c8db2 to remote] DEBUG org.apache.http.headers - http-outgoing-29 << HTTP/1.1 404 Not Found
12:54:58.504 [Forwarding findElement on session 7713c0bba11b6ffcf61452f47f2c8db2 to remote] DEBUG org.apache.http.headers - http-outgoing-29 << Content-Length:1861
12:54:58.504 [Forwarding findElement on session 7713c0bba11b6ffcf61452f47f2c8db2 to remote] DEBUG org.apache.http.headers - http-outgoing-29 << Content-Type:application/json; charset=utf-8
12:54:58.504 [Forwarding findElement on session 7713c0bba11b6ffcf61452f47f2c8db2 to remote] DEBUG org.apache.http.headers - http-outgoing-29 << cache-control:no-cache
12:54:58.504 [Forwarding findElement on session 7713c0bba11b6ffcf61452f47f2c8db2 to remote] DEBUG org.apache.http.impl.execchain.MainClientExec - Connection can be kept alive indefinitely
12:54:58.504 [Forwarding findElement on session 7713c0bba11b6ffcf61452f47f2c8db2 to remote] DEBUG org.apache.http.impl.conn.PoolingHttpClientConnectionManager - Connection [id: 29][route: {}->http://localhost:22258] can be kept alive indefinitely
12:54:58.504 [Forwarding findElement on session 7713c0bba11b6ffcf61452f47f2c8db2 to remote] DEBUG org.apache.http.impl.conn.PoolingHttpClientConnectionManager - Connection released: [id: 29][route: {}->http://localhost:22258][total kept alive: 12; route allocated: 1 of 2000; total allocated: 12 of 2000]
]]></system-out>
  <system-err><![CDATA[Starting ChromeDriver 80.0.3987.106 (f68069574609230cf9b635cd784cfb1bf81bb53a-refs/branch-heads/3987@{#882}) on port 22258
Only local connections are allowed.
Please protect ports used by ChromeDriver and related test frameworks to prevent access by malicious code.
[1584680081.245][WARNING]: FromSockAddr failed on netmask
三月 20, 2020 12:54:41 下午 org.openqa.selenium.remote.ProtocolHandshake createSession
信息: Detected dialect: W3C
[1584680082.548][SEVERE]: Timed out receiving message from renderer: 0.100
[1584680082.648][SEVERE]: Timed out receiving message from renderer: 0.100
[1584680082.781][SEVERE]: Timed out receiving message from renderer: 0.100
[1584680082.881][SEVERE]: Timed out receiving message from renderer: 0.100
[1584680082.982][SEVERE]: Timed out receiving message from renderer: 0.100
[1584680083.084][SEVERE]: Timed out receiving message from renderer: 0.100
[1584680083.184][SEVERE]: Timed out receiving message from renderer: 0.100
[1584680083.285][SEVERE]: Timed out receiving message from renderer: 0.100
[1584680083.387][SEVERE]: Timed out receiving message from renderer: 0.100
[1584680083.702][SEVERE]: Timed out receiving message from renderer: 0.100
[1584680083.802][SEVERE]: Timed out receiving message from renderer: 0.100
[1584680084.012][SEVERE]: Timed out receiving message from renderer: 0.100
[1584680084.153][SEVERE]: Timed out receiving message from renderer: 0.100
[1584680084.254][SEVERE]: Timed out receiving message from renderer: 0.100
[1584680084.355][SEVERE]: Timed out receiving message from renderer: 0.100
[1584680084.472][SEVERE]: Timed out receiving message from renderer: 0.100
[1584680084.573][SEVERE]: Timed out receiving message from renderer: 0.100
]]></system-err>
</testsuite>
